#
# There is insufficient memory for the Java Runtime Environment to continue.
# Native memory allocation (malloc) failed to allocate 32744 bytes. Error detail: ChunkPool::allocate
# Possible reasons:
#   The system is out of physical RAM or swap space
#   This process is running with CompressedOops enabled, and the Java Heap may be blocking the growth of the native heap
# Possible solutions:
#   Reduce memory load on the system
#   Increase physical memory or swap space
#   Check if swap backing store is full
#   Decrease Java heap size (-Xmx/-Xms)
#   Decrease number of Java threads
#   Decrease Java thread stack sizes (-Xss)
#   Set larger code cache with -XX:ReservedCodeCacheSize=
#   JVM is running with Unscaled Compressed Oops mode in which the Java heap is
#     placed in the first 4GB address space. The Java Heap base address is the
#     maximum limit for the native heap growth. Please use -XX:HeapBaseMinAddress
#     to set the Java Heap base and to place the Java Heap above 4GB virtual address.
# This output file may be truncated or incomplete.
#
#  Out of Memory Error (arena.cpp:79), pid=16336, tid=14868
#
# JRE version: OpenJDK Runtime Environment Temurin-17.0.13+11 (17.0.13+11) (build 17.0.13+11)
# Java VM: OpenJDK 64-Bit Server VM Temurin-17.0.13+11 (17.0.13+11, mixed mode, tiered, compressed oops, compressed class ptrs, parallel gc, windows-amd64)
# No core dump will be written. Minidumps are not enabled by default on client versions of Windows
#

---------------  S U M M A R Y ------------

Command Line: --add-modules=ALL-SYSTEM --add-opens=java.base/java.util=ALL-UNNAMED --add-opens=java.base/java.lang=ALL-UNNAMED --add-opens=java.base/sun.nio.fs=ALL-UNNAMED -Declipse.application=org.eclipse.jdt.ls.core.id1 -Dosgi.bundles.defaultStartLevel=4 -Declipse.product=org.eclipse.jdt.ls.core.product -Djava.import.generatesMetadataFilesAtProjectRoot=false -DDetectVMInstallationsJob.disabled=true -Dfile.encoding=utf8 -XX:+UseParallelGC -XX:GCTimeRatio=4 -XX:AdaptiveSizePolicyWeight=90 -Dsun.zip.disableMemoryMapping=true -Xmx1G -Xms100m -Xlog:disable -javaagent:c:\Users\LENOVO\.vscode\extensions\redhat.java-1.36.0-win32-x64\lombok\lombok-1.18.35.jar c:\Users\LENOVO\.vscode\extensions\redhat.java-1.36.0-win32-x64\server\plugins\org.eclipse.equinox.launcher_1.6.900.v20240613-2009.jar -configuration c:\Users\LENOVO\AppData\Roaming\Code\User\globalStorage\redhat.java\1.36.0\config_ss_win -data c:\Users\LENOVO\AppData\Roaming\Code\User\workspaceStorage\b8d0c1c62e8d742a69a2404f4277c168\redhat.java\ss_ws --pipe=\\.\pipe\lsp-596ea524114680310131f88c72e320b2-sock

Host: Intel(R) Core(TM) i5-1035G1 CPU @ 1.00GHz, 8 cores, 15G,  Windows 10 , 64 bit Build 19041 (10.0.19041.4957)
Time: Mon Nov  4 00:20:10 2024 SE Asia Standard Time elapsed time: 31.054247 seconds (0d 0h 0m 31s)

---------------  T H R E A D  ---------------

Current thread (0x000001e7c407d240):  JavaThread "C2 CompilerThread0" daemon [_thread_in_native, id=14868, stack(0x000000a67dd00000,0x000000a67de00000)]


Current CompileTask:
C2:  31054 3244       4       org.eclipse.osgi.internal.loader.ModuleClassLoader::toString (80 bytes)

Stack: [0x000000a67dd00000,0x000000a67de00000]
Native frames: (J=compiled Java code, j=interpreted, Vv=VM code, C=native code)
V  [jvm.dll+0x682a19]
V  [jvm.dll+0x839538]
V  [jvm.dll+0x83afe3]
V  [jvm.dll+0x83b653]
V  [jvm.dll+0x24704f]
V  [jvm.dll+0xad03c]
V  [jvm.dll+0xad4cc]
V  [jvm.dll+0x2a1fb3]
V  [jvm.dll+0x2a1d70]
V  [jvm.dll+0x7fcee0]
V  [jvm.dll+0x6a84b6]
V  [jvm.dll+0x698279]
V  [jvm.dll+0x692d83]
V  [jvm.dll+0x692620]
V  [jvm.dll+0x690442]
V  [jvm.dll+0x1a5f6c]
V  [jvm.dll+0x2aba7c]
V  [jvm.dll+0x69afc8]
V  [jvm.dll+0x692d83]
V  [jvm.dll+0x692620]
V  [jvm.dll+0x690442]
V  [jvm.dll+0x1a5f6c]
V  [jvm.dll+0x2aba7c]
V  [jvm.dll+0x69afc8]
V  [jvm.dll+0x692d83]
V  [jvm.dll+0x692620]
V  [jvm.dll+0x690442]
V  [jvm.dll+0x1a5f6c]
V  [jvm.dll+0x1a6ac8]
V  [jvm.dll+0x1a4677]
V  [jvm.dll+0x2205be]
V  [jvm.dll+0x217137]
V  [jvm.dll+0x1a3070]
V  [jvm.dll+0x22788c]
V  [jvm.dll+0x2259eb]
V  [jvm.dll+0x7eec98]
V  [jvm.dll+0x7e8ffc]
V  [jvm.dll+0x6818f7]
C  [ucrtbase.dll+0x21bb2]
C  [KERNEL32.DLL+0x17374]
C  [ntdll.dll+0x4cc91]


---------------  P R O C E S S  ---------------

Threads class SMR info:
_java_thread_list=0x000001e7c7648b60, length=35, elements={
0x000001e7a914a200, 0x000001e7bef25750, 0x000001e7a91f9be0, 0x000001e7c4053130,
0x000001e7c4053c00, 0x000001e7c4057c90, 0x000001e7c4078570, 0x000001e7c407d240,
0x000001e7c40d1de0, 0x000001e7bef2e7b0, 0x000001e7c40ffb30, 0x000001e7c43b2030,
0x000001e7c5b71cf0, 0x000001e7c437dd60, 0x000001e7c437a440, 0x000001e7c58ac1f0,
0x000001e7c52fe4e0, 0x000001e7c52fef00, 0x000001e7c52ff410, 0x000001e7c5300340,
0x000001e7c5300850, 0x000001e7c5300d60, 0x000001e7c52fdac0, 0x000001e7c5301270,
0x000001e7c64213d0, 0x000001e7c6425090, 0x000001e7c641f060, 0x000001e7c64255a0,
0x000001e7c6420ec0, 0x000001e7c64209b0, 0x000001e7c6425ab0, 0x000001e7c64264d0,
0x000001e7c64269e0, 0x000001e7c6425fc0, 0x000001e7c6424b80
}

Java Threads: ( => current thread )
  0x000001e7a914a200 JavaThread "main" [_thread_blocked, id=2072, stack(0x000000a67d400000,0x000000a67d500000)]
  0x000001e7bef25750 JavaThread "Reference Handler" daemon [_thread_blocked, id=5072, stack(0x000000a67d700000,0x000000a67d800000)]
  0x000001e7a91f9be0 JavaThread "Finalizer" daemon [_thread_blocked, id=19168, stack(0x000000a67d800000,0x000000a67d900000)]
  0x000001e7c4053130 JavaThread "Signal Dispatcher" daemon [_thread_blocked, id=16244, stack(0x000000a67d900000,0x000000a67da00000)]
  0x000001e7c4053c00 JavaThread "Attach Listener" daemon [_thread_blocked, id=7156, stack(0x000000a67da00000,0x000000a67db00000)]
  0x000001e7c4057c90 JavaThread "Service Thread" daemon [_thread_blocked, id=14080, stack(0x000000a67db00000,0x000000a67dc00000)]
  0x000001e7c4078570 JavaThread "Monitor Deflation Thread" daemon [_thread_blocked, id=16704, stack(0x000000a67dc00000,0x000000a67dd00000)]
=>0x000001e7c407d240 JavaThread "C2 CompilerThread0" daemon [_thread_in_native, id=14868, stack(0x000000a67dd00000,0x000000a67de00000)]
  0x000001e7c40d1de0 JavaThread "C1 CompilerThread0" daemon [_thread_blocked, id=12328, stack(0x000000a67de00000,0x000000a67df00000)]
  0x000001e7bef2e7b0 JavaThread "Sweeper thread" daemon [_thread_blocked, id=14240, stack(0x000000a67df00000,0x000000a67e000000)]
  0x000001e7c40ffb30 JavaThread "Common-Cleaner" daemon [_thread_blocked, id=18996, stack(0x000000a67e000000,0x000000a67e100000)]
  0x000001e7c43b2030 JavaThread "Notification Thread" daemon [_thread_blocked, id=16980, stack(0x000000a67e100000,0x000000a67e200000)]
  0x000001e7c5b71cf0 JavaThread "Active Thread: Equinox Container: 2c055880-86f8-46b8-aa3b-512406f51b4e" [_thread_blocked, id=1716, stack(0x000000a67e400000,0x000000a67e500000)]
  0x000001e7c437dd60 JavaThread "Framework Event Dispatcher: Equinox Container: 2c055880-86f8-46b8-aa3b-512406f51b4e" daemon [_thread_blocked, id=8108, stack(0x000000a67e300000,0x000000a67e400000)]
  0x000001e7c437a440 JavaThread "Start Level: Equinox Container: 2c055880-86f8-46b8-aa3b-512406f51b4e" daemon [_thread_blocked, id=6396, stack(0x000000a67eb00000,0x000000a67ec00000)]
  0x000001e7c58ac1f0 JavaThread "SCR Component Actor" daemon [_thread_blocked, id=18320, stack(0x000000a67ec00000,0x000000a67ed00000)]
  0x000001e7c52fe4e0 JavaThread "Worker-JM" [_thread_blocked, id=11840, stack(0x000000a67ef00000,0x000000a67f000000)]
  0x000001e7c52fef00 JavaThread "Worker-0" [_thread_blocked, id=4324, stack(0x000000a67f000000,0x000000a67f100000)]
  0x000001e7c52ff410 JavaThread "Worker-1" [_thread_blocked, id=11348, stack(0x000000a67f100000,0x000000a67f200000)]
  0x000001e7c5300340 JavaThread "JNA Cleaner" daemon [_thread_blocked, id=13516, stack(0x000000a67f200000,0x000000a67f300000)]
  0x000001e7c5300850 JavaThread "Thread-2" daemon [_thread_in_native, id=5308, stack(0x000000a67f400000,0x000000a67f500000)]
  0x000001e7c5300d60 JavaThread "Thread-3" daemon [_thread_in_native, id=10008, stack(0x000000a67f500000,0x000000a67f600000)]
  0x000001e7c52fdac0 JavaThread "Thread-4" daemon [_thread_in_native, id=11452, stack(0x000000a67f600000,0x000000a67f700000)]
  0x000001e7c5301270 JavaThread "Thread-5" daemon [_thread_in_native, id=12632, stack(0x000000a67f700000,0x000000a67f800000)]
  0x000001e7c64213d0 JavaThread "Thread-6" daemon [_thread_in_native, id=8580, stack(0x000000a67f800000,0x000000a67f900000)]
  0x000001e7c6425090 JavaThread "Thread-7" daemon [_thread_in_native, id=908, stack(0x000000a67f900000,0x000000a67fa00000)]
  0x000001e7c641f060 JavaThread "Thread-8" daemon [_thread_in_native, id=10204, stack(0x000000a67fa00000,0x000000a67fb00000)]
  0x000001e7c64255a0 JavaThread "Thread-9" daemon [_thread_in_native, id=16072, stack(0x000000a67fb00000,0x000000a67fc00000)]
  0x000001e7c6420ec0 JavaThread "Thread-10" daemon [_thread_in_native, id=18364, stack(0x000000a67fc00000,0x000000a67fd00000)]
  0x000001e7c64209b0 JavaThread "Worker-2: Shutdown..." [_thread_blocked, id=15768, stack(0x000000a67fd00000,0x000000a67fe00000)]
  0x000001e7c6425ab0 JavaThread "pool-2-thread-1" [_thread_blocked, id=17544, stack(0x000000a67fe00000,0x000000a67ff00000)]
  0x000001e7c64264d0 JavaThread "WorkspaceEventsHandler" [_thread_blocked, id=18312, stack(0x000000a67ff00000,0x000000a680000000)]
  0x000001e7c64269e0 JavaThread "pool-1-thread-1" [_thread_blocked, id=1108, stack(0x000000a600000000,0x000000a600100000)]
  0x000001e7c6425fc0 JavaThread "ForkJoinPool.commonPool-worker-1" daemon [_thread_in_native, id=5692, stack(0x000000a600100000,0x000000a600200000)]
  0x000001e7c6424b80 JavaThread "ForkJoinPool-1-worker-1" daemon [_thread_new, id=16708, stack(0x0000000000000000,0x0000000000000000)]

Other Threads:
  0x000001e7c40314b0 VMThread "VM Thread" [stack: 0x000000a67d600000,0x000000a67d700000] [id=12876]
  0x000001e7c529ce30 WatcherThread [stack: 0x000000a67e200000,0x000000a67e300000] [id=14484]
  0x000001e7a915ec40 GCTaskThread "GC Thread#0" [stack: 0x000000a67d500000,0x000000a67d600000] [id=11724]
  0x000001e7c43ee860 GCTaskThread "GC Thread#1" [stack: 0x000000a67e500000,0x000000a67e600000] [id=5112]
  0x000001e7c5b127b0 GCTaskThread "GC Thread#2" [stack: 0x000000a67e600000,0x000000a67e700000] [id=4380]
  0x000001e7c5b12a70 GCTaskThread "GC Thread#3" [stack: 0x000000a67e700000,0x000000a67e800000] [id=7356]
  0x000001e7c5acb010 GCTaskThread "GC Thread#4" [stack: 0x000000a67e800000,0x000000a67e900000] [id=19328]
  0x000001e7c5acb2d0 GCTaskThread "GC Thread#5" [stack: 0x000000a67e900000,0x000000a67ea00000] [id=1680]
  0x000001e7c5acb590 GCTaskThread "GC Thread#6" [stack: 0x000000a67ea00000,0x000000a67eb00000] [id=6912]
  0x000001e7c54282f0 GCTaskThread "GC Thread#7" [stack: 0x000000a67ed00000,0x000000a67ee00000] [id=7440]

Threads with active compile tasks:
C2 CompilerThread0    31109 3244       4       org.eclipse.osgi.internal.loader.ModuleClassLoader::toString (80 bytes)

VM state: not at safepoint (normal execution)

VM Mutex/Monitor currently owned by a thread: None

Heap address: 0x00000000c0000000, size: 1024 MB, Compressed Oops mode: 32-bit

CDS archive(s) not mapped
Compressed class space mapped at: 0x0000000100000000-0x0000000140000000, reserved size: 1073741824
Narrow klass base: 0x0000000000000000, Narrow klass shift: 3, Narrow klass range: 0x140000000

GC Precious Log:
 CPUs: 8 total, 8 available
 Memory: 16086M
 Large Page Support: Disabled
 NUMA Support: Disabled
 Compressed Oops: Enabled (32-bit)
 Alignments: Space 512K, Generation 512K, Heap 2M
 Heap Min Capacity: 100M
 Heap Initial Capacity: 100M
 Heap Max Capacity: 1G
 Pre-touch: Disabled
 Parallel Workers: 8

Heap:
 PSYoungGen      total 27136K, used 4978K [0x00000000eab00000, 0x00000000ec900000, 0x0000000100000000)
  eden space 23552K, 21% used [0x00000000eab00000,0x00000000eafdc988,0x00000000ec200000)
  from space 3584K, 0% used [0x00000000ec300000,0x00000000ec300000,0x00000000ec680000)
  to   space 2560K, 0% used [0x00000000ec680000,0x00000000ec680000,0x00000000ec900000)
 ParOldGen       total 68608K, used 12547K [0x00000000c0000000, 0x00000000c4300000, 0x00000000eab00000)
  object space 68608K, 18% used [0x00000000c0000000,0x00000000c0c40ca8,0x00000000c4300000)
 Metaspace       used 35834K, committed 36544K, reserved 1114112K
  class space    used 3609K, committed 3968K, reserved 1048576K

Card table byte_map: [0x000001e7bc7a0000,0x000001e7bc9b0000] _byte_map_base: 0x000001e7bc1a0000

Marking Bits: (ParMarkBitMap*) 0x00007ffe4fa66940
 Begin Bits: [0x000001e7bcb10000, 0x000001e7bdb10000)
 End Bits:   [0x000001e7bdb10000, 0x000001e7beb10000)

Polling page: 0x000001e7a9200000

Metaspace:

Usage:
  Non-class:     31.47 MB used.
      Class:      3.53 MB used.
       Both:     34.99 MB used.

Virtual space:
  Non-class space:       64.00 MB reserved,      31.81 MB ( 50%) committed,  1 nodes.
      Class space:        1.00 GB reserved,       3.88 MB ( <1%) committed,  1 nodes.
             Both:        1.06 GB reserved,      35.69 MB (  3%) committed. 

Chunk freelists:
   Non-Class:  15.80 MB
       Class:  12.09 MB
        Both:  27.89 MB

MaxMetaspaceSize: unlimited
CompressedClassSpaceSize: 1.00 GB
Initial GC threshold: 21.00 MB
Current GC threshold: 58.38 MB
CDS: off
MetaspaceReclaimPolicy: balanced
 - commit_granule_bytes: 65536.
 - commit_granule_words: 8192.
 - virtual_space_node_default_size: 8388608.
 - enlarge_chunks_in_place: 1.
 - new_chunks_are_fully_committed: 0.
 - uncommit_free_chunks: 1.
 - use_allocation_guard: 0.
 - handle_deallocations: 1.


Internal statistics:

num_allocs_failed_limit: 6.
num_arena_births: 350.
num_arena_deaths: 14.
num_vsnodes_births: 2.
num_vsnodes_deaths: 0.
num_space_committed: 571.
num_space_uncommitted: 0.
num_chunks_returned_to_freelist: 20.
num_chunks_taken_from_freelist: 1421.
num_chunk_merges: 9.
num_chunk_splits: 926.
num_chunks_enlarged: 605.
num_inconsistent_stats: 0.

CodeHeap 'non-profiled nmethods': size=120000Kb used=1514Kb max_used=1514Kb free=118485Kb
 bounds [0x000001e7b5090000, 0x000001e7b5300000, 0x000001e7bc5c0000]
CodeHeap 'profiled nmethods': size=120000Kb used=6267Kb max_used=6267Kb free=113732Kb
 bounds [0x000001e7ad5c0000, 0x000001e7adbe0000, 0x000001e7b4af0000]
CodeHeap 'non-nmethods': size=5760Kb used=1303Kb max_used=1323Kb free=4456Kb
 bounds [0x000001e7b4af0000, 0x000001e7b4d60000, 0x000001e7b5090000]
 total_blobs=3860 nmethods=3247 adapters=526
 compilation: enabled
              stopped_count=0, restarted_count=0
 full_count=0

Compilation events (20 events):
Event: 16.354 Thread 0x000001e7c40d1de0 3234       3       java.nio.ByteBuffer::arrayOffset (35 bytes)
Event: 16.354 Thread 0x000001e7c40d1de0 nmethod 3234 0x000001e7adbdb290 code [0x000001e7adbdb460, 0x000001e7adbdb718]
Event: 16.356 Thread 0x000001e7c407d240 nmethod 3233 0x000001e7b5209790 code [0x000001e7b5209900, 0x000001e7b5209a98]
Event: 30.999 Thread 0x000001e7c40d1de0 3235       3       java.lang.StackTraceElement::<init> (10 bytes)
Event: 31.000 Thread 0x000001e7c40d1de0 nmethod 3235 0x000001e7adbdb810 code [0x000001e7adbdb9a0, 0x000001e7adbdbb18]
Event: 31.000 Thread 0x000001e7c40d1de0 3236  s!   3       java.lang.StackTraceElement::computeFormat (71 bytes)
Event: 31.001 Thread 0x000001e7c40d1de0 nmethod 3236 0x000001e7adbdbc10 code [0x000001e7adbdbe20, 0x000001e7adbdc678]
Event: 31.001 Thread 0x000001e7c40d1de0 3237       3       java.lang.StackTraceElement::isHashedInJavaBase (31 bytes)
Event: 31.001 Thread 0x000001e7c40d1de0 nmethod 3237 0x000001e7adbdc910 code [0x000001e7adbdcb00, 0x000001e7adbdcff8]
Event: 31.002 Thread 0x000001e7c40d1de0 3238       3       jdk.internal.org.objectweb.asm.MethodVisitor::visitVarInsn (17 bytes)
Event: 31.002 Thread 0x000001e7c40d1de0 nmethod 3238 0x000001e7adbdd190 code [0x000001e7adbdd340, 0x000001e7adbdd548]
Event: 31.025 Thread 0x000001e7c40d1de0 3242       1       java.lang.ThreadLocal::initialValue (2 bytes)
Event: 31.025 Thread 0x000001e7c40d1de0 nmethod 3242 0x000001e7b520a490 code [0x000001e7b520a620, 0x000001e7b520a6f8]
Event: 31.027 Thread 0x000001e7c40d1de0 3243       3       org.eclipse.core.internal.jobs.JobListeners::getJobListenerTimeout (4 bytes)
Event: 31.027 Thread 0x000001e7c40d1de0 nmethod 3243 0x000001e7adbdd610 code [0x000001e7adbdd7a0, 0x000001e7adbdd898]
Event: 31.030 Thread 0x000001e7c407d240 3244       4       org.eclipse.osgi.internal.loader.ModuleClassLoader::toString (80 bytes)
Event: 31.042 Thread 0x000001e7c40d1de0 3245       3       java.io.OutputStream::<init> (5 bytes)
Event: 31.043 Thread 0x000001e7c40d1de0 nmethod 3245 0x000001e7adbdd910 code [0x000001e7adbddaa0, 0x000001e7adbddbf8]
Event: 31.049 Thread 0x000001e7c40d1de0 3246       3       java.lang.invoke.MethodHandles$Lookup::getDirectMethodNoSecurityManager (18 bytes)
Event: 31.049 Thread 0x000001e7c40d1de0 nmethod 3246 0x000001e7adbddc90 code [0x000001e7adbdde20, 0x000001e7adbddf68]

GC Heap History (20 events):
Event: 9.914 GC heap before
{Heap before GC invocations=2 (full 0):
 PSYoungGen      total 29696K, used 28740K [0x00000000eab00000, 0x00000000ecc00000, 0x0000000100000000)
  eden space 25600K, 100% used [0x00000000eab00000,0x00000000ec400000,0x00000000ec400000)
  from space 4096K, 76% used [0x00000000ec400000,0x00000000ec711340,0x00000000ec800000)
  to   space 4096K, 0% used [0x00000000ec800000,0x00000000ec800000,0x00000000ecc00000)
 ParOldGen       total 68608K, used 16K [0x00000000c0000000, 0x00000000c4300000, 0x00000000eab00000)
  object space 68608K, 0% used [0x00000000c0000000,0x00000000c0004000,0x00000000c4300000)
 Metaspace       used 14679K, committed 14912K, reserved 1114112K
  class space    used 1487K, committed 1600K, reserved 1048576K
}
Event: 9.922 GC heap after
{Heap after GC invocations=2 (full 0):
 PSYoungGen      total 29696K, used 4084K [0x00000000eab00000, 0x00000000ecc00000, 0x0000000100000000)
  eden space 25600K, 0% used [0x00000000eab00000,0x00000000eab00000,0x00000000ec400000)
  from space 4096K, 99% used [0x00000000ec800000,0x00000000ecbfd000,0x00000000ecc00000)
  to   space 4096K, 0% used [0x00000000ec400000,0x00000000ec400000,0x00000000ec800000)
 ParOldGen       total 68608K, used 816K [0x00000000c0000000, 0x00000000c4300000, 0x00000000eab00000)
  object space 68608K, 1% used [0x00000000c0000000,0x00000000c00cc360,0x00000000c4300000)
 Metaspace       used 14679K, committed 14912K, reserved 1114112K
  class space    used 1487K, committed 1600K, reserved 1048576K
}
Event: 11.212 GC heap before
{Heap before GC invocations=3 (full 0):
 PSYoungGen      total 29696K, used 29684K [0x00000000eab00000, 0x00000000ecc00000, 0x0000000100000000)
  eden space 25600K, 100% used [0x00000000eab00000,0x00000000ec400000,0x00000000ec400000)
  from space 4096K, 99% used [0x00000000ec800000,0x00000000ecbfd000,0x00000000ecc00000)
  to   space 4096K, 0% used [0x00000000ec400000,0x00000000ec400000,0x00000000ec800000)
 ParOldGen       total 68608K, used 816K [0x00000000c0000000, 0x00000000c4300000, 0x00000000eab00000)
  object space 68608K, 1% used [0x00000000c0000000,0x00000000c00cc360,0x00000000c4300000)
 Metaspace       used 19633K, committed 20032K, reserved 1114112K
  class space    used 2007K, committed 2176K, reserved 1048576K
}
Event: 11.220 GC heap after
{Heap after GC invocations=3 (full 0):
 PSYoungGen      total 29696K, used 4066K [0x00000000eab00000, 0x00000000ecc00000, 0x0000000100000000)
  eden space 25600K, 0% used [0x00000000eab00000,0x00000000eab00000,0x00000000ec400000)
  from space 4096K, 99% used [0x00000000ec400000,0x00000000ec7f88b0,0x00000000ec800000)
  to   space 4096K, 0% used [0x00000000ec800000,0x00000000ec800000,0x00000000ecc00000)
 ParOldGen       total 68608K, used 2478K [0x00000000c0000000, 0x00000000c4300000, 0x00000000eab00000)
  object space 68608K, 3% used [0x00000000c0000000,0x00000000c026b890,0x00000000c4300000)
 Metaspace       used 19633K, committed 20032K, reserved 1114112K
  class space    used 2007K, committed 2176K, reserved 1048576K
}
Event: 11.636 GC heap before
{Heap before GC invocations=4 (full 0):
 PSYoungGen      total 29696K, used 12861K [0x00000000eab00000, 0x00000000ecc00000, 0x0000000100000000)
  eden space 25600K, 34% used [0x00000000eab00000,0x00000000eb396d10,0x00000000ec400000)
  from space 4096K, 99% used [0x00000000ec400000,0x00000000ec7f88b0,0x00000000ec800000)
  to   space 4096K, 0% used [0x00000000ec800000,0x00000000ec800000,0x00000000ecc00000)
 ParOldGen       total 68608K, used 2478K [0x00000000c0000000, 0x00000000c4300000, 0x00000000eab00000)
  object space 68608K, 3% used [0x00000000c0000000,0x00000000c026b890,0x00000000c4300000)
 Metaspace       used 21077K, committed 21504K, reserved 1114112K
  class space    used 2157K, committed 2368K, reserved 1048576K
}
Event: 11.644 GC heap after
{Heap after GC invocations=4 (full 0):
 PSYoungGen      total 29696K, used 4093K [0x00000000eab00000, 0x00000000ecc00000, 0x0000000100000000)
  eden space 25600K, 0% used [0x00000000eab00000,0x00000000eab00000,0x00000000ec400000)
  from space 4096K, 99% used [0x00000000ec800000,0x00000000ecbff790,0x00000000ecc00000)
  to   space 4096K, 0% used [0x00000000ec400000,0x00000000ec400000,0x00000000ec800000)
 ParOldGen       total 68608K, used 2970K [0x00000000c0000000, 0x00000000c4300000, 0x00000000eab00000)
  object space 68608K, 4% used [0x00000000c0000000,0x00000000c02e68a0,0x00000000c4300000)
 Metaspace       used 21077K, committed 21504K, reserved 1114112K
  class space    used 2157K, committed 2368K, reserved 1048576K
}
Event: 11.644 GC heap before
{Heap before GC invocations=5 (full 1):
 PSYoungGen      total 29696K, used 4093K [0x00000000eab00000, 0x00000000ecc00000, 0x0000000100000000)
  eden space 25600K, 0% used [0x00000000eab00000,0x00000000eab00000,0x00000000ec400000)
  from space 4096K, 99% used [0x00000000ec800000,0x00000000ecbff790,0x00000000ecc00000)
  to   space 4096K, 0% used [0x00000000ec400000,0x00000000ec400000,0x00000000ec800000)
 ParOldGen       total 68608K, used 2970K [0x00000000c0000000, 0x00000000c4300000, 0x00000000eab00000)
  object space 68608K, 4% used [0x00000000c0000000,0x00000000c02e68a0,0x00000000c4300000)
 Metaspace       used 21077K, committed 21504K, reserved 1114112K
  class space    used 2157K, committed 2368K, reserved 1048576K
}
Event: 11.681 GC heap after
{Heap after GC invocations=5 (full 1):
 PSYoungGen      total 29696K, used 0K [0x00000000eab00000, 0x00000000ecc00000, 0x0000000100000000)
  eden space 25600K, 0% used [0x00000000eab00000,0x00000000eab00000,0x00000000ec400000)
  from space 4096K, 0% used [0x00000000ec800000,0x00000000ec800000,0x00000000ecc00000)
  to   space 4096K, 0% used [0x00000000ec400000,0x00000000ec400000,0x00000000ec800000)
 ParOldGen       total 68608K, used 6910K [0x00000000c0000000, 0x00000000c4300000, 0x00000000eab00000)
  object space 68608K, 10% used [0x00000000c0000000,0x00000000c06bfab0,0x00000000c4300000)
 Metaspace       used 21064K, committed 21504K, reserved 1114112K
  class space    used 2153K, committed 2368K, reserved 1048576K
}
Event: 12.292 GC heap before
{Heap before GC invocations=6 (full 1):
 PSYoungGen      total 29696K, used 25600K [0x00000000eab00000, 0x00000000ecc00000, 0x0000000100000000)
  eden space 25600K, 100% used [0x00000000eab00000,0x00000000ec400000,0x00000000ec400000)
  from space 4096K, 0% used [0x00000000ec800000,0x00000000ec800000,0x00000000ecc00000)
  to   space 4096K, 0% used [0x00000000ec400000,0x00000000ec400000,0x00000000ec800000)
 ParOldGen       total 68608K, used 6910K [0x00000000c0000000, 0x00000000c4300000, 0x00000000eab00000)
  object space 68608K, 10% used [0x00000000c0000000,0x00000000c06bfab0,0x00000000c4300000)
 Metaspace       used 24016K, committed 24512K, reserved 1114112K
  class space    used 2347K, committed 2560K, reserved 1048576K
}
Event: 12.293 GC heap after
{Heap after GC invocations=6 (full 1):
 PSYoungGen      total 25600K, used 365K [0x00000000eab00000, 0x00000000ec880000, 0x0000000100000000)
  eden space 25088K, 0% used [0x00000000eab00000,0x00000000eab00000,0x00000000ec380000)
  from space 512K, 71% used [0x00000000ec400000,0x00000000ec45b710,0x00000000ec480000)
  to   space 2048K, 0% used [0x00000000ec680000,0x00000000ec680000,0x00000000ec880000)
 ParOldGen       total 68608K, used 6910K [0x00000000c0000000, 0x00000000c4300000, 0x00000000eab00000)
  object space 68608K, 10% used [0x00000000c0000000,0x00000000c06bfab0,0x00000000c4300000)
 Metaspace       used 24016K, committed 24512K, reserved 1114112K
  class space    used 2347K, committed 2560K, reserved 1048576K
}
Event: 12.760 GC heap before
{Heap before GC invocations=7 (full 1):
 PSYoungGen      total 25600K, used 25453K [0x00000000eab00000, 0x00000000ec880000, 0x0000000100000000)
  eden space 25088K, 100% used [0x00000000eab00000,0x00000000ec380000,0x00000000ec380000)
  from space 512K, 71% used [0x00000000ec400000,0x00000000ec45b710,0x00000000ec480000)
  to   space 2048K, 0% used [0x00000000ec680000,0x00000000ec680000,0x00000000ec880000)
 ParOldGen       total 68608K, used 6910K [0x00000000c0000000, 0x00000000c4300000, 0x00000000eab00000)
  object space 68608K, 10% used [0x00000000c0000000,0x00000000c06bfab0,0x00000000c4300000)
 Metaspace       used 26499K, committed 27008K, reserved 1114112K
  class space    used 2548K, committed 2752K, reserved 1048576K
}
Event: 12.763 GC heap after
{Heap after GC invocations=7 (full 1):
 PSYoungGen      total 26624K, used 1567K [0x00000000eab00000, 0x00000000ec880000, 0x0000000100000000)
  eden space 24576K, 0% used [0x00000000eab00000,0x00000000eab00000,0x00000000ec300000)
  from space 2048K, 76% used [0x00000000ec680000,0x00000000ec807e50,0x00000000ec880000)
  to   space 2048K, 0% used [0x00000000ec480000,0x00000000ec480000,0x00000000ec680000)
 ParOldGen       total 68608K, used 7699K [0x00000000c0000000, 0x00000000c4300000, 0x00000000eab00000)
  object space 68608K, 11% used [0x00000000c0000000,0x00000000c0784fc0,0x00000000c4300000)
 Metaspace       used 26499K, committed 27008K, reserved 1114112K
  class space    used 2548K, committed 2752K, reserved 1048576K
}
Event: 14.250 GC heap before
{Heap before GC invocations=8 (full 1):
 PSYoungGen      total 26624K, used 26143K [0x00000000eab00000, 0x00000000ec880000, 0x0000000100000000)
  eden space 24576K, 100% used [0x00000000eab00000,0x00000000ec300000,0x00000000ec300000)
  from space 2048K, 76% used [0x00000000ec680000,0x00000000ec807e50,0x00000000ec880000)
  to   space 2048K, 0% used [0x00000000ec480000,0x00000000ec480000,0x00000000ec680000)
 ParOldGen       total 68608K, used 7699K [0x00000000c0000000, 0x00000000c4300000, 0x00000000eab00000)
  object space 68608K, 11% used [0x00000000c0000000,0x00000000c0784fc0,0x00000000c4300000)
 Metaspace       used 30489K, committed 31040K, reserved 1114112K
  class space    used 2956K, committed 3200K, reserved 1048576K
}
Event: 14.254 GC heap after
{Heap after GC invocations=8 (full 1):
 PSYoungGen      total 26112K, used 2019K [0x00000000eab00000, 0x00000000eca80000, 0x0000000100000000)
  eden space 24064K, 0% used [0x00000000eab00000,0x00000000eab00000,0x00000000ec280000)
  from space 2048K, 98% used [0x00000000ec480000,0x00000000ec678ff8,0x00000000ec680000)
  to   space 4096K, 0% used [0x00000000ec680000,0x00000000ec680000,0x00000000eca80000)
 ParOldGen       total 68608K, used 9107K [0x00000000c0000000, 0x00000000c4300000, 0x00000000eab00000)
  object space 68608K, 13% used [0x00000000c0000000,0x00000000c08e4c58,0x00000000c4300000)
 Metaspace       used 30489K, committed 31040K, reserved 1114112K
  class space    used 2956K, committed 3200K, reserved 1048576K
}
Event: 15.326 GC heap before
{Heap before GC invocations=9 (full 1):
 PSYoungGen      total 26112K, used 26083K [0x00000000eab00000, 0x00000000eca80000, 0x0000000100000000)
  eden space 24064K, 100% used [0x00000000eab00000,0x00000000ec280000,0x00000000ec280000)
  from space 2048K, 98% used [0x00000000ec480000,0x00000000ec678ff8,0x00000000ec680000)
  to   space 4096K, 0% used [0x00000000ec680000,0x00000000ec680000,0x00000000eca80000)
 ParOldGen       total 68608K, used 9107K [0x00000000c0000000, 0x00000000c4300000, 0x00000000eab00000)
  object space 68608K, 13% used [0x00000000c0000000,0x00000000c08e4c58,0x00000000c4300000)
 Metaspace       used 34267K, committed 34816K, reserved 1114112K
  class space    used 3414K, committed 3648K, reserved 1048576K
}
Event: 15.330 GC heap after
{Heap after GC invocations=9 (full 1):
 PSYoungGen      total 27136K, used 3109K [0x00000000eab00000, 0x00000000eca00000, 0x0000000100000000)
  eden space 23552K, 0% used [0x00000000eab00000,0x00000000eab00000,0x00000000ec200000)
  from space 3584K, 86% used [0x00000000ec680000,0x00000000ec989698,0x00000000eca00000)
  to   space 3584K, 0% used [0x00000000ec300000,0x00000000ec300000,0x00000000ec680000)
 ParOldGen       total 68608K, used 9115K [0x00000000c0000000, 0x00000000c4300000, 0x00000000eab00000)
  object space 68608K, 13% used [0x00000000c0000000,0x00000000c08e6c58,0x00000000c4300000)
 Metaspace       used 34267K, committed 34816K, reserved 1114112K
  class space    used 3414K, committed 3648K, reserved 1048576K
}
Event: 15.835 GC heap before
{Heap before GC invocations=10 (full 1):
 PSYoungGen      total 27136K, used 9782K [0x00000000eab00000, 0x00000000eca00000, 0x0000000100000000)
  eden space 23552K, 28% used [0x00000000eab00000,0x00000000eb184260,0x00000000ec200000)
  from space 3584K, 86% used [0x00000000ec680000,0x00000000ec989698,0x00000000eca00000)
  to   space 3584K, 0% used [0x00000000ec300000,0x00000000ec300000,0x00000000ec680000)
 ParOldGen       total 68608K, used 9115K [0x00000000c0000000, 0x00000000c4300000, 0x00000000eab00000)
  object space 68608K, 13% used [0x00000000c0000000,0x00000000c08e6c58,0x00000000c4300000)
 Metaspace       used 35258K, committed 35840K, reserved 1114112K
  class space    used 3534K, committed 3840K, reserved 1048576K
}
Event: 15.841 GC heap after
{Heap after GC invocations=10 (full 1):
 PSYoungGen      total 27136K, used 3198K [0x00000000eab00000, 0x00000000ec900000, 0x0000000100000000)
  eden space 23552K, 0% used [0x00000000eab00000,0x00000000eab00000,0x00000000ec200000)
  from space 3584K, 89% used [0x00000000ec300000,0x00000000ec61fb50,0x00000000ec680000)
  to   space 2560K, 0% used [0x00000000ec680000,0x00000000ec680000,0x00000000ec900000)
 ParOldGen       total 68608K, used 9646K [0x00000000c0000000, 0x00000000c4300000, 0x00000000eab00000)
  object space 68608K, 14% used [0x00000000c0000000,0x00000000c096b978,0x00000000c4300000)
 Metaspace       used 35258K, committed 35840K, reserved 1114112K
  class space    used 3534K, committed 3840K, reserved 1048576K
}
Event: 15.841 GC heap before
{Heap before GC invocations=11 (full 2):
 PSYoungGen      total 27136K, used 3198K [0x00000000eab00000, 0x00000000ec900000, 0x0000000100000000)
  eden space 23552K, 0% used [0x00000000eab00000,0x00000000eab00000,0x00000000ec200000)
  from space 3584K, 89% used [0x00000000ec300000,0x00000000ec61fb50,0x00000000ec680000)
  to   space 2560K, 0% used [0x00000000ec680000,0x00000000ec680000,0x00000000ec900000)
 ParOldGen       total 68608K, used 9646K [0x00000000c0000000, 0x00000000c4300000, 0x00000000eab00000)
  object space 68608K, 14% used [0x00000000c0000000,0x00000000c096b978,0x00000000c4300000)
 Metaspace       used 35258K, committed 35840K, reserved 1114112K
  class space    used 3534K, committed 3840K, reserved 1048576K
}
Event: 15.885 GC heap after
{Heap after GC invocations=11 (full 2):
 PSYoungGen      total 27136K, used 0K [0x00000000eab00000, 0x00000000ec900000, 0x0000000100000000)
  eden space 23552K, 0% used [0x00000000eab00000,0x00000000eab00000,0x00000000ec200000)
  from space 3584K, 0% used [0x00000000ec300000,0x00000000ec300000,0x00000000ec680000)
  to   space 2560K, 0% used [0x00000000ec680000,0x00000000ec680000,0x00000000ec900000)
 ParOldGen       total 68608K, used 12547K [0x00000000c0000000, 0x00000000c4300000, 0x00000000eab00000)
  object space 68608K, 18% used [0x00000000c0000000,0x00000000c0c40ca8,0x00000000c4300000)
 Metaspace       used 35258K, committed 35840K, reserved 1114112K
  class space    used 3534K, committed 3840K, reserved 1048576K
}

Dll operation events (10 events):
Event: 0.013 Loaded shared library c:\Users\LENOVO\.vscode\extensions\redhat.java-1.36.0-win32-x64\jre\17.0.13-win32-x86_64\bin\java.dll
Event: 0.357 Loaded shared library c:\Users\LENOVO\.vscode\extensions\redhat.java-1.36.0-win32-x64\jre\17.0.13-win32-x86_64\bin\zip.dll
Event: 0.369 Loaded shared library C:\Users\LENOVO\.vscode\extensions\redhat.java-1.36.0-win32-x64\jre\17.0.13-win32-x86_64\bin\instrument.dll
Event: 0.406 Loaded shared library C:\Users\LENOVO\.vscode\extensions\redhat.java-1.36.0-win32-x64\jre\17.0.13-win32-x86_64\bin\net.dll
Event: 0.408 Loaded shared library C:\Users\LENOVO\.vscode\extensions\redhat.java-1.36.0-win32-x64\jre\17.0.13-win32-x86_64\bin\nio.dll
Event: 0.423 Loaded shared library C:\Users\LENOVO\.vscode\extensions\redhat.java-1.36.0-win32-x64\jre\17.0.13-win32-x86_64\bin\zip.dll
Event: 0.488 Loaded shared library C:\Users\LENOVO\.vscode\extensions\redhat.java-1.36.0-win32-x64\jre\17.0.13-win32-x86_64\bin\jimage.dll
Event: 0.628 Loaded shared library c:\Users\LENOVO\.vscode\extensions\redhat.java-1.36.0-win32-x64\jre\17.0.13-win32-x86_64\bin\verify.dll
Event: 9.541 Loaded shared library C:\Users\LENOVO\AppData\Roaming\Code\User\globalStorage\redhat.java\1.36.0\config_ss_win\org.eclipse.equinox.launcher\org.eclipse.equinox.launcher.win32.win32.x86_64_1.2.1100.v20240722-2106\eclipse_11904.dll
Event: 14.513 Loaded shared library C:\Users\LENOVO\AppData\Local\Temp\jna--2053026509\jna13283493656599757683.dll

Deoptimization events (20 events):
Event: 15.292 Thread 0x000001e7a914a200 Uncommon trap: trap_request=0xffffff76 fr.pc=0x000001e7b51c8864 relative=0x0000000000000be4
Event: 15.292 Thread 0x000001e7a914a200 Uncommon trap: reason=predicate action=maybe_recompile pc=0x000001e7b51c8864 method=java.util.TreeMap.put(Ljava/lang/Object;Ljava/lang/Object;Z)Ljava/lang/Object; @ 27 c2
Event: 15.292 Thread 0x000001e7a914a200 DEOPT PACKING pc=0x000001e7b51c8864 sp=0x000000a67d4fd7b0
Event: 15.292 Thread 0x000001e7a914a200 DEOPT UNPACKING pc=0x000001e7b4b49ea3 sp=0x000000a67d4fd750 mode 2
Event: 15.355 Thread 0x000001e7a914a200 Uncommon trap: trap_request=0xffffff45 fr.pc=0x000001e7b50b98b4 relative=0x0000000000000294
Event: 15.355 Thread 0x000001e7a914a200 Uncommon trap: reason=unstable_if action=reinterpret pc=0x000001e7b50b98b4 method=java.util.HashMap$HashIterator.<init>(Ljava/util/HashMap;)V @ 45 c2
Event: 15.355 Thread 0x000001e7a914a200 DEOPT PACKING pc=0x000001e7b50b98b4 sp=0x000000a67d4fdc10
Event: 15.355 Thread 0x000001e7a914a200 DEOPT UNPACKING pc=0x000001e7b4b49ea3 sp=0x000000a67d4fdba8 mode 2
Event: 15.741 Thread 0x000001e7c64269e0 Uncommon trap: trap_request=0xffffff45 fr.pc=0x000001e7b516714c relative=0x00000000000001ac
Event: 15.741 Thread 0x000001e7c64269e0 Uncommon trap: reason=unstable_if action=reinterpret pc=0x000001e7b516714c method=java.net.URI$Parser.scan(IIJJ)I @ 42 c2
Event: 15.741 Thread 0x000001e7c64269e0 DEOPT PACKING pc=0x000001e7b516714c sp=0x000000a6000fe0f0
Event: 15.741 Thread 0x000001e7c64269e0 DEOPT UNPACKING pc=0x000001e7b4b49ea3 sp=0x000000a6000fe070 mode 2
Event: 15.784 Thread 0x000001e7c64269e0 Uncommon trap: trap_request=0xffffffcc fr.pc=0x000001e7b51fc654 relative=0x0000000000000334
Event: 15.784 Thread 0x000001e7c64269e0 Uncommon trap: reason=intrinsic_or_type_checked_inlining action=make_not_entrant pc=0x000001e7b51fc654 method=java.util.Arrays.copyOf([Ljava/lang/Object;ILjava/lang/Class;)[Ljava/lang/Object; @ 35 c2
Event: 15.784 Thread 0x000001e7c64269e0 DEOPT PACKING pc=0x000001e7b51fc654 sp=0x000000a6000fd950
Event: 15.784 Thread 0x000001e7c64269e0 DEOPT UNPACKING pc=0x000001e7b4b49ea3 sp=0x000000a6000fd8e0 mode 2
Event: 16.155 Thread 0x000001e7c64269e0 Uncommon trap: trap_request=0xffffff45 fr.pc=0x000001e7b50cf1e8 relative=0x00000000000004a8
Event: 16.155 Thread 0x000001e7c64269e0 Uncommon trap: reason=unstable_if action=reinterpret pc=0x000001e7b50cf1e8 method=java.util.HashMap$HashIterator.<init>(Ljava/util/HashMap;)V @ 45 c2
Event: 16.155 Thread 0x000001e7c64269e0 DEOPT PACKING pc=0x000001e7b50cf1e8 sp=0x000000a6000fe4a0
Event: 16.155 Thread 0x000001e7c64269e0 DEOPT UNPACKING pc=0x000001e7b4b49ea3 sp=0x000000a6000fe310 mode 2

Classes loaded (20 events):
Event: 31.007 Loading class java/util/concurrent/CompletableFuture$UniApply
Event: 31.007 Loading class java/util/concurrent/CompletableFuture$UniCompletion
Event: 31.007 Loading class java/util/concurrent/CompletableFuture$UniCompletion done
Event: 31.007 Loading class java/util/concurrent/CompletableFuture$UniApply done
Event: 31.008 Loading class java/util/concurrent/ForkJoinTask$Aux
Event: 31.008 Loading class java/util/concurrent/ForkJoinTask$Aux done
Event: 31.009 Loading class java/util/concurrent/CancellationException
Event: 31.009 Loading class java/util/concurrent/CancellationException done
Event: 31.009 Loading class java/lang/invoke/VarHandleReferences$Array
Event: 31.010 Loading class java/lang/invoke/VarHandleReferences$Array done
Event: 31.010 Loading class java/util/concurrent/ForkJoinPool$DefaultCommonPoolForkJoinWorkerThreadFactory$1
Event: 31.011 Loading class java/util/concurrent/ForkJoinPool$DefaultCommonPoolForkJoinWorkerThreadFactory$1 done
Event: 31.012 Loading class java/util/concurrent/CompletableFuture$UniAccept
Event: 31.012 Loading class java/util/concurrent/CompletableFuture$UniAccept done
Event: 31.013 Loading class java/util/concurrent/CompletableFuture$UniExceptionally
Event: 31.014 Loading class java/util/concurrent/CompletableFuture$UniExceptionally done
Event: 31.034 Loading class java/io/DataOutputStream
Event: 31.035 Loading class java/io/DataOutputStream done
Event: 31.042 Loading class java/util/concurrent/ConcurrentHashMap$EntrySpliterator
Event: 31.048 Loading class java/util/concurrent/ConcurrentHashMap$EntrySpliterator done

Classes unloaded (7 events):
Event: 11.652 Thread 0x000001e7c40314b0 Unloading class 0x0000000100210400 'java/lang/invoke/LambdaForm$MH+0x0000000100210400'
Event: 11.652 Thread 0x000001e7c40314b0 Unloading class 0x0000000100210000 'java/lang/invoke/LambdaForm$MH+0x0000000100210000'
Event: 11.652 Thread 0x000001e7c40314b0 Unloading class 0x000000010020fc00 'java/lang/invoke/LambdaForm$MH+0x000000010020fc00'
Event: 11.652 Thread 0x000001e7c40314b0 Unloading class 0x000000010020f800 'java/lang/invoke/LambdaForm$MH+0x000000010020f800'
Event: 11.652 Thread 0x000001e7c40314b0 Unloading class 0x000000010020f400 'java/lang/invoke/LambdaForm$BMH+0x000000010020f400'
Event: 11.652 Thread 0x000001e7c40314b0 Unloading class 0x000000010020f000 'java/lang/invoke/LambdaForm$DMH+0x000000010020f000'
Event: 11.652 Thread 0x000001e7c40314b0 Unloading class 0x000000010020c400 'java/lang/invoke/LambdaForm$DMH+0x000000010020c400'

Classes redefined (0 events):
No events

Internal exceptions (20 events):
Event: 14.577 Thread 0x000001e7c437a440 Exception <a 'java/lang/UnsatisfiedLinkError'{0x00000000eae574d0}: The specified procedure could not be found.
> (0x00000000eae574d0) 
thrown [s\src\hotspot\share\prims\jni.cpp, line 535]
Event: 14.585 Thread 0x000001e7c437a440 Exception <a 'java/io/FileNotFoundException'{0x00000000eae7f170}> (0x00000000eae7f170) 
thrown [s\src\hotspot\share\prims\jni.cpp, line 516]
Event: 14.624 Thread 0x000001e7c437a440 Exception <a 'java/io/FileNotFoundException'{0x00000000eaefc368}> (0x00000000eaefc368) 
thrown [s\src\hotspot\share\prims\jni.cpp, line 516]
Event: 14.642 Thread 0x000001e7c437a440 Exception <a 'java/lang/UnsatisfiedLinkError'{0x00000000eaf92d28}: The specified procedure could not be found.
> (0x00000000eaf92d28) 
thrown [s\src\hotspot\share\prims\jni.cpp, line 535]
Event: 14.720 Thread 0x000001e7a914a200 Exception <a 'java/lang/NoSuchMethodError'{0x00000000eb332cb8}: 'java.lang.Object java.lang.invoke.DirectMethodHandle$Holder.invokeStatic(java.lang.Object, java.lang.Object, long, java.lang.Object)'> (0x00000000eb332cb8) 
thrown [s\src\hotspot\share\interpreter\linkResolver.cpp, line 759]
Event: 14.721 Thread 0x000001e7a914a200 Exception <a 'java/lang/NoSuchMethodError'{0x00000000eb336750}: 'java.lang.Object java.lang.invoke.DirectMethodHandle$Holder.invokeStaticInit(java.lang.Object, java.lang.Object, long, java.lang.Object)'> (0x00000000eb336750) 
thrown [s\src\hotspot\share\interpreter\linkResolver.cpp, line 759]
Event: 14.724 Thread 0x000001e7a914a200 Exception <a 'java/lang/NoSuchMethodError'{0x00000000eb33cd60}: 'java.lang.Object java.lang.invoke.DirectMethodHandle$Holder.newInvokeSpecial(java.lang.Object, java.lang.Object, long)'> (0x00000000eb33cd60) 
thrown [s\src\hotspot\share\interpreter\linkResolver.cpp, line 759]
Event: 14.759 Thread 0x000001e7c52ff410 Exception <a 'java/io/FileNotFoundException'{0x00000000eb5c4c18}> (0x00000000eb5c4c18) 
thrown [s\src\hotspot\share\prims\jni.cpp, line 516]
Event: 14.759 Thread 0x000001e7c52ff410 Exception <a 'java/io/FileNotFoundException'{0x00000000eb5c61a8}> (0x00000000eb5c61a8) 
thrown [s\src\hotspot\share\prims\jni.cpp, line 516]
Event: 14.762 Thread 0x000001e7c52ff410 Exception <a 'java/lang/NoSuchMethodError'{0x00000000eb5d5228}: 'java.lang.Object java.lang.invoke.DirectMethodHandle$Holder.newInvokeSpecial(java.lang.Object, java.lang.Object, java.lang.Object, int)'> (0x00000000eb5d5228) 
thrown [s\src\hotspot\share\interpreter\linkResolver.cpp, line 759]
Event: 14.763 Thread 0x000001e7c52ff410 Exception <a 'java/lang/NoSuchMethodError'{0x00000000eb5d9690}: 'java.lang.Object java.lang.invoke.DirectMethodHandle$Holder.invokeSpecial(java.lang.Object, java.lang.Object, java.lang.Object, java.lang.Object, int)'> (0x00000000eb5d9690) 
thrown [s\src\hotspot\share\interpreter\linkResolver.cpp, line 759]
Event: 14.764 Thread 0x000001e7c52ff410 Exception <a 'java/lang/NoSuchMethodError'{0x00000000eb5dcd98}: 'java.lang.Object java.lang.invoke.Invokers$Holder.linkToTargetMethod(java.lang.Object, java.lang.Object, int, java.lang.Object)'> (0x00000000eb5dcd98) 
thrown [s\src\hotspot\share\interpreter\linkResolver.cpp, line 759]
Event: 14.768 Thread 0x000001e7c52ff410 Exception <a 'java/lang/NoSuchMethodError'{0x00000000eb5e8fb0}: 'void java.lang.invoke.DirectMethodHandle$Holder.invokeStaticInit(java.lang.Object, java.lang.Object, java.lang.Object)'> (0x00000000eb5e8fb0) 
thrown [s\src\hotspot\share\interpreter\linkResolver.cpp, line 759]
Event: 14.778 Thread 0x000001e7c52ff410 Exception <a 'java/io/FileNotFoundException'{0x00000000eb6132e0}> (0x00000000eb6132e0) 
thrown [s\src\hotspot\share\prims\jni.cpp, line 516]
Event: 14.778 Thread 0x000001e7c52ff410 Exception <a 'java/io/FileNotFoundException'{0x00000000eb614040}> (0x00000000eb614040) 
thrown [s\src\hotspot\share\prims\jni.cpp, line 516]
Event: 14.890 Thread 0x000001e7a914a200 Exception <a 'java/lang/NoSuchMethodError'{0x00000000eb8136d0}: 'void java.lang.invoke.DirectMethodHandle$Holder.invokeStatic(java.lang.Object, java.lang.Object, java.lang.Object, java.lang.Object)'> (0x00000000eb8136d0) 
thrown [s\src\hotspot\share\interpreter\linkResolver.cpp, line 759]
Event: 15.240 Thread 0x000001e7a914a200 Exception <a 'java/lang/NoSuchMethodError'{0x00000000ec123df8}: 'void java.lang.invoke.DirectMethodHandle$Holder.invokeSpecial(java.lang.Object, java.lang.Object, java.lang.Object, java.lang.Object, java.lang.Object, java.lang.Object)'> (0x00000000ec123df8) 
thrown [s\src\hotspot\share\interpreter\linkResolver.cpp, line 759]
Event: 15.242 Thread 0x000001e7a914a200 Exception <a 'java/lang/IncompatibleClassChangeError'{0x00000000ec12dc28}: Found class java.lang.Object, but interface was expected> (0x00000000ec12dc28) 
thrown [s\src\hotspot\share\interpreter\linkResolver.cpp, line 826]
Event: 15.745 Thread 0x000001e7c64269e0 Exception <a 'java/io/FileNotFoundException'{0x00000000eb0024f8}> (0x00000000eb0024f8) 
thrown [s\src\hotspot\share\prims\jni.cpp, line 516]
Event: 15.902 Thread 0x000001e7c64269e0 Exception <a 'sun/nio/fs/WindowsException'{0x00000000eab12890}> (0x00000000eab12890) 
thrown [s\src\hotspot\share\prims\jni.cpp, line 516]

VM Operations (20 events):
Event: 13.803 Executing VM operation: Cleanup
Event: 13.803 Executing VM operation: Cleanup done
Event: 13.804 Executing VM operation: HandshakeAllThreads
Event: 13.804 Executing VM operation: HandshakeAllThreads done
Event: 14.102 Executing VM operation: HandshakeAllThreads
Event: 14.102 Executing VM operation: HandshakeAllThreads done
Event: 14.193 Executing VM operation: HandshakeAllThreads
Event: 14.193 Executing VM operation: HandshakeAllThreads done
Event: 14.249 Executing VM operation: ParallelGCFailedAllocation
Event: 14.254 Executing VM operation: ParallelGCFailedAllocation done
Event: 14.543 Executing VM operation: HandshakeAllThreads
Event: 14.543 Executing VM operation: HandshakeAllThreads done
Event: 15.326 Executing VM operation: ParallelGCFailedAllocation
Event: 15.331 Executing VM operation: ParallelGCFailedAllocation done
Event: 15.720 Executing VM operation: HandshakeAllThreads
Event: 15.720 Executing VM operation: HandshakeAllThreads done
Event: 15.832 Executing VM operation: CollectForMetadataAllocation
Event: 15.885 Executing VM operation: CollectForMetadataAllocation done
Event: 17.897 Executing VM operation: Cleanup
Event: 17.897 Executing VM operation: Cleanup done

Memory protections (0 events):
No events

Nmethod flushes (0 events):
No events

Events (20 events):
Event: 14.134 Thread 0x000001e7c407d240 Thread added: 0x000001e7c5baa960
Event: 14.530 Thread 0x000001e7c5baa960 Thread exited: 0x000001e7c5baa960
Event: 14.559 Thread 0x000001e7c437a440 Thread added: 0x000001e7c5300340
Event: 14.680 Thread 0x000001e7c407d240 Thread added: 0x000001e7c5baa410
Event: 14.745 Thread 0x000001e7a914a200 Thread added: 0x000001e7c5300850
Event: 14.746 Thread 0x000001e7a914a200 Thread added: 0x000001e7c5300d60
Event: 14.746 Thread 0x000001e7a914a200 Thread added: 0x000001e7c52fdac0
Event: 14.746 Thread 0x000001e7a914a200 Thread added: 0x000001e7c5301270
Event: 14.746 Thread 0x000001e7a914a200 Thread added: 0x000001e7c64213d0
Event: 14.747 Thread 0x000001e7a914a200 Thread added: 0x000001e7c6425090
Event: 14.747 Thread 0x000001e7a914a200 Thread added: 0x000001e7c641f060
Event: 14.747 Thread 0x000001e7a914a200 Thread added: 0x000001e7c64255a0
Event: 14.747 Thread 0x000001e7a914a200 Thread added: 0x000001e7c6420ec0
Event: 14.787 Thread 0x000001e7c52fef00 Thread added: 0x000001e7c64209b0
Event: 14.803 Thread 0x000001e7a914a200 Thread added: 0x000001e7c6425ab0
Event: 15.282 Thread 0x000001e7a914a200 Thread added: 0x000001e7c64264d0
Event: 15.283 Thread 0x000001e7a914a200 Thread added: 0x000001e7c64269e0
Event: 15.546 Thread 0x000001e7c5baa410 Thread exited: 0x000001e7c5baa410
Event: 16.596 Thread 0x000001e7c5998470 Thread exited: 0x000001e7c5998470
Event: 31.012 Thread 0x000001e7c64269e0 Thread added: 0x000001e7c6425fc0


Dynamic libraries:
0x00007ff620a80000 - 0x00007ff620a8e000 	c:\Users\LENOVO\.vscode\extensions\redhat.java-1.36.0-win32-x64\jre\17.0.13-win32-x86_64\bin\java.exe
0x00007ffec4070000 - 0x00007ffec4268000 	C:\WINDOWS\SYSTEM32\ntdll.dll
0x00007ffec3020000 - 0x00007ffec30e2000 	C:\WINDOWS\System32\KERNEL32.DLL
0x00007ffec1890000 - 0x00007ffec1b8e000 	C:\WINDOWS\System32\KERNELBASE.dll
0x00007ffec1c40000 - 0x00007ffec1d40000 	C:\WINDOWS\System32\ucrtbase.dll
0x00007ffebbf90000 - 0x00007ffebbfa7000 	c:\Users\LENOVO\.vscode\extensions\redhat.java-1.36.0-win32-x64\jre\17.0.13-win32-x86_64\bin\jli.dll
0x00007ffec2580000 - 0x00007ffec271d000 	C:\WINDOWS\System32\USER32.dll
0x00007ffec1e90000 - 0x00007ffec1eb2000 	C:\WINDOWS\System32\win32u.dll
0x00007ffebbb70000 - 0x00007ffebbb8e000 	c:\Users\LENOVO\.vscode\extensions\redhat.java-1.36.0-win32-x64\jre\17.0.13-win32-x86_64\bin\VCRUNTIME140.dll
0x00007ffec2540000 - 0x00007ffec256b000 	C:\WINDOWS\System32\GDI32.dll
0x00007ffec1d70000 - 0x00007ffec1e87000 	C:\WINDOWS\System32\gdi32full.dll
0x00007ffe95f20000 - 0x00007ffe961ba000 	C:\WINDOWS\WinSxS\amd64_microsoft.windows.common-controls_6595b64144ccf1df_6.0.19041.4355_none_60b8b9eb71f62e16\COMCTL32.dll
0x00007ffec1710000 - 0x00007ffec17ad000 	C:\WINDOWS\System32\msvcp_win.dll
0x00007ffec2970000 - 0x00007ffec2a0e000 	C:\WINDOWS\System32\msvcrt.dll
0x00007ffec4000000 - 0x00007ffec402f000 	C:\WINDOWS\System32\IMM32.DLL
0x00007ffebc1b0000 - 0x00007ffebc1bc000 	c:\Users\LENOVO\.vscode\extensions\redhat.java-1.36.0-win32-x64\jre\17.0.13-win32-x86_64\bin\vcruntime140_1.dll
0x00007ffe97540000 - 0x00007ffe975cd000 	c:\Users\LENOVO\.vscode\extensions\redhat.java-1.36.0-win32-x64\jre\17.0.13-win32-x86_64\bin\msvcp140.dll
0x00007ffe4eec0000 - 0x00007ffe4fb2b000 	c:\Users\LENOVO\.vscode\extensions\redhat.java-1.36.0-win32-x64\jre\17.0.13-win32-x86_64\bin\server\jvm.dll
0x00007ffec2090000 - 0x00007ffec2142000 	C:\WINDOWS\System32\ADVAPI32.dll
0x00007ffec2240000 - 0x00007ffec22e0000 	C:\WINDOWS\System32\sechost.dll
0x00007ffec3920000 - 0x00007ffec3a43000 	C:\WINDOWS\System32\RPCRT4.dll
0x00007ffec1d40000 - 0x00007ffec1d67000 	C:\WINDOWS\System32\bcrypt.dll
0x00007ffec2870000 - 0x00007ffec28db000 	C:\WINDOWS\System32\WS2_32.dll
0x00007ffec1570000 - 0x00007ffec15bb000 	C:\WINDOWS\SYSTEM32\POWRPROF.dll
0x00007ffebe5c0000 - 0x00007ffebe5e7000 	C:\WINDOWS\SYSTEM32\WINMM.dll
0x00007ffebc2e0000 - 0x00007ffebc2ea000 	C:\WINDOWS\SYSTEM32\VERSION.dll
0x00007ffec1550000 - 0x00007ffec1562000 	C:\WINDOWS\SYSTEM32\UMPDC.dll
0x00007ffebfef0000 - 0x00007ffebff02000 	C:\WINDOWS\SYSTEM32\kernel.appcore.dll
0x00007ffebbb30000 - 0x00007ffebbb3a000 	c:\Users\LENOVO\.vscode\extensions\redhat.java-1.36.0-win32-x64\jre\17.0.13-win32-x86_64\bin\jimage.dll
0x00007ffebf300000 - 0x00007ffebf4e4000 	C:\WINDOWS\SYSTEM32\DBGHELP.DLL
0x00007ffebe560000 - 0x00007ffebe594000 	C:\WINDOWS\SYSTEM32\dbgcore.DLL
0x00007ffec17b0000 - 0x00007ffec1832000 	C:\WINDOWS\System32\bcryptPrimitives.dll
0x00007ffeb9310000 - 0x00007ffeb931e000 	c:\Users\LENOVO\.vscode\extensions\redhat.java-1.36.0-win32-x64\jre\17.0.13-win32-x86_64\bin\instrument.dll
0x00007ffeb92d0000 - 0x00007ffeb92f5000 	c:\Users\LENOVO\.vscode\extensions\redhat.java-1.36.0-win32-x64\jre\17.0.13-win32-x86_64\bin\java.dll
0x00007ffeb92b0000 - 0x00007ffeb92c8000 	c:\Users\LENOVO\.vscode\extensions\redhat.java-1.36.0-win32-x64\jre\17.0.13-win32-x86_64\bin\zip.dll
0x00007ffec30f0000 - 0x00007ffec385f000 	C:\WINDOWS\System32\SHELL32.dll
0x00007ffebf730000 - 0x00007ffebfed4000 	C:\WINDOWS\SYSTEM32\windows.storage.dll
0x00007ffec3ca0000 - 0x00007ffec3ff3000 	C:\WINDOWS\System32\combase.dll
0x00007ffec1070000 - 0x00007ffec109e000 	C:\WINDOWS\SYSTEM32\Wldp.dll
0x00007ffec2720000 - 0x00007ffec27ed000 	C:\WINDOWS\System32\OLEAUT32.dll
0x00007ffec2490000 - 0x00007ffec253d000 	C:\WINDOWS\System32\SHCORE.dll
0x00007ffec2a10000 - 0x00007ffec2a65000 	C:\WINDOWS\System32\shlwapi.dll
0x00007ffec1640000 - 0x00007ffec1664000 	C:\WINDOWS\SYSTEM32\profapi.dll
0x00007ffeb9290000 - 0x00007ffeb92a9000 	C:\Users\LENOVO\.vscode\extensions\redhat.java-1.36.0-win32-x64\jre\17.0.13-win32-x86_64\bin\net.dll
0x00007ffebb740000 - 0x00007ffebb84d000 	C:\WINDOWS\SYSTEM32\WINHTTP.dll
0x00007ffec0d80000 - 0x00007ffec0dea000 	C:\WINDOWS\system32\mswsock.dll
0x00007ffeb9080000 - 0x00007ffeb9096000 	C:\Users\LENOVO\.vscode\extensions\redhat.java-1.36.0-win32-x64\jre\17.0.13-win32-x86_64\bin\nio.dll
0x00007ffe97530000 - 0x00007ffe97540000 	c:\Users\LENOVO\.vscode\extensions\redhat.java-1.36.0-win32-x64\jre\17.0.13-win32-x86_64\bin\verify.dll
0x00007ffe75b10000 - 0x00007ffe75b55000 	C:\Users\LENOVO\AppData\Roaming\Code\User\globalStorage\redhat.java\1.36.0\config_ss_win\org.eclipse.equinox.launcher\org.eclipse.equinox.launcher.win32.win32.x86_64_1.2.1100.v20240722-2106\eclipse_11904.dll
0x00007ffec3b70000 - 0x00007ffec3c9b000 	C:\WINDOWS\System32\ole32.dll
0x00007ffec0f60000 - 0x00007ffec0f78000 	C:\WINDOWS\SYSTEM32\CRYPTSP.dll
0x00007ffec06b0000 - 0x00007ffec06e4000 	C:\WINDOWS\system32\rsaenh.dll
0x00007ffec1600000 - 0x00007ffec162e000 	C:\WINDOWS\SYSTEM32\USERENV.dll
0x00007ffec0f80000 - 0x00007ffec0f8c000 	C:\WINDOWS\SYSTEM32\CRYPTBASE.dll
0x00007ffec0a80000 - 0x00007ffec0abb000 	C:\WINDOWS\SYSTEM32\IPHLPAPI.DLL
0x00007ffec2940000 - 0x00007ffec2948000 	C:\WINDOWS\System32\NSI.dll
0x00007ffebafb0000 - 0x00007ffebafc7000 	C:\WINDOWS\SYSTEM32\dhcpcsvc6.DLL
0x00007ffebaf90000 - 0x00007ffebafad000 	C:\WINDOWS\SYSTEM32\dhcpcsvc.DLL
0x00007ffec0ac0000 - 0x00007ffec0b8a000 	C:\WINDOWS\SYSTEM32\DNSAPI.dll
0x00007ffe74460000 - 0x00007ffe744a9000 	C:\Users\LENOVO\AppData\Local\Temp\jna--2053026509\jna13283493656599757683.dll
0x00007ffec2570000 - 0x00007ffec2578000 	C:\WINDOWS\System32\PSAPI.DLL

dbghelp: loaded successfully - version: 4.0.5 - missing functions: none
symbol engine: initialized successfully - sym options: 0x614 - pdb path: .;c:\Users\LENOVO\.vscode\extensions\redhat.java-1.36.0-win32-x64\jre\17.0.13-win32-x86_64\bin;C:\WINDOWS\SYSTEM32;C:\WINDOWS\WinSxS\amd64_microsoft.windows.common-controls_6595b64144ccf1df_6.0.19041.4355_none_60b8b9eb71f62e16;c:\Users\LENOVO\.vscode\extensions\redhat.java-1.36.0-win32-x64\jre\17.0.13-win32-x86_64\bin\server;C:\Users\LENOVO\AppData\Roaming\Code\User\globalStorage\redhat.java\1.36.0\config_ss_win\org.eclipse.equinox.launcher\org.eclipse.equinox.launcher.win32.win32.x86_64_1.2.1100.v20240722-2106;C:\Users\LENOVO\AppData\Local\Temp\jna--2053026509

VM Arguments:
jvm_args: --add-modules=ALL-SYSTEM --add-opens=java.base/java.util=ALL-UNNAMED --add-opens=java.base/java.lang=ALL-UNNAMED --add-opens=java.base/sun.nio.fs=ALL-UNNAMED -Declipse.application=org.eclipse.jdt.ls.core.id1 -Dosgi.bundles.defaultStartLevel=4 -Declipse.product=org.eclipse.jdt.ls.core.product -Djava.import.generatesMetadataFilesAtProjectRoot=false -DDetectVMInstallationsJob.disabled=true -Dfile.encoding=utf8 -XX:+UseParallelGC -XX:GCTimeRatio=4 -XX:AdaptiveSizePolicyWeight=90 -Dsun.zip.disableMemoryMapping=true -Xmx1G -Xms100m -Xlog:disable -javaagent:c:\Users\LENOVO\.vscode\extensions\redhat.java-1.36.0-win32-x64\lombok\lombok-1.18.35.jar 
java_command: c:\Users\LENOVO\.vscode\extensions\redhat.java-1.36.0-win32-x64\server\plugins\org.eclipse.equinox.launcher_1.6.900.v20240613-2009.jar -configuration c:\Users\LENOVO\AppData\Roaming\Code\User\globalStorage\redhat.java\1.36.0\config_ss_win -data c:\Users\LENOVO\AppData\Roaming\Code\User\workspaceStorage\b8d0c1c62e8d742a69a2404f4277c168\redhat.java\ss_ws --pipe=\\.\pipe\lsp-596ea524114680310131f88c72e320b2-sock
java_class_path (initial): c:\Users\LENOVO\.vscode\extensions\redhat.java-1.36.0-win32-x64\server\plugins\org.eclipse.equinox.launcher_1.6.900.v20240613-2009.jar
Launcher Type: SUN_STANDARD

[Global flags]
    uintx AdaptiveSizePolicyWeight                 = 90                                        {product} {command line}
     intx CICompilerCount                          = 4                                         {product} {ergonomic}
    uintx GCTimeRatio                              = 4                                         {product} {command line}
   size_t InitialHeapSize                          = 104857600                                 {product} {command line}
   size_t MaxHeapSize                              = 1073741824                                {product} {command line}
   size_t MaxNewSize                               = 357564416                                 {product} {ergonomic}
   size_t MinHeapDeltaBytes                        = 524288                                    {product} {ergonomic}
   size_t MinHeapSize                              = 104857600                                 {product} {command line}
   size_t NewSize                                  = 34603008                                  {product} {ergonomic}
    uintx NonNMethodCodeHeapSize                   = 5839372                                {pd product} {ergonomic}
    uintx NonProfiledCodeHeapSize                  = 122909434                              {pd product} {ergonomic}
   size_t OldSize                                  = 70254592                                  {product} {ergonomic}
    uintx ProfiledCodeHeapSize                     = 122909434                              {pd product} {ergonomic}
    uintx ReservedCodeCacheSize                    = 251658240                              {pd product} {ergonomic}
     bool SegmentedCodeCache                       = true                                      {product} {ergonomic}
   size_t SoftMaxHeapSize                          = 1073741824                             {manageable} {ergonomic}
     bool UseCompressedClassPointers               = true                           {product lp64_product} {ergonomic}
     bool UseCompressedOops                        = true                           {product lp64_product} {ergonomic}
     bool UseLargePagesIndividualAllocation        = false                                  {pd product} {ergonomic}
     bool UseParallelGC                            = true                                      {product} {command line}

Logging:
Log output configuration:
 #0: stdout all=off uptime,level,tags
 #1: stderr all=off uptime,level,tags

Environment Variables:
JAVA_HOME=C:\Program Files\Java\jdk-17
PATH=C:\Program Files\Common Files\Oracle\Java\javapath;C:\Program Files\Microsoft MPI\Bin\;C:\WINDOWS\system32;C:\WINDOWS;C:\WINDOWS\System32\Wbem;C:\WINDOWS\System32\WindowsPowerShell\v1.0\;C:\WINDOWS\System32\OpenSSH\;C:\Program Files\Microsoft SQL Server\Client SDK\ODBC\130\Tools\Binn\;C:\Program Files\Azure Data Studio\bin;C:\Program Files\MongoDB\Server\5.0\bin;C:\Program Files\MongoDB\Tools\100\bin;C:\Program Files\Microsoft SQL Server\Client SDK\ODBC\170\Tools\Binn\;C:\Program Files (x86)\Microsoft SQL Server\150\Tools\Binn\;C:\Program Files\Microsoft SQL Server\150\Tools\Binn\;C:\Program Files\Microsoft SQL Server\150\DTS\Binn\;C:\Program Files (x86)\Microsoft SQL Server\150\DTS\Binn\;C:\Program Files\Java\jdk-17\bin;C:\Program Files\dotnet\;C:\gradle-8.2.1\bin\;C:\apache-maven-3.9.4\bin\;C:\Program Files\TortoiseGit\bin;C:\Program Files\Docker\Docker\resources\bin;C:\kafka\bin;C:\Program Files\Git\cmd;C:\Program Files\MySQL\MySQL Server 8.0\bin;C:\Users\LENOVO\AppData\Roaming\nvm;C:\Program Files\nodejs;C:\Program Files\MySQL\MySQL Shell 8.0\bin\;C:\Users\LENOVO\AppData\Local\Programs\Python\Python311\Scripts\;C:\Users\LENOVO\AppData\Local\Programs\Python\Python311\;C:\Users\LENOVO\AppData\Local\Microsoft\WindowsApps;C:\Program Files\Azure Data Studio\bin;C:\Program Files\Azure Data Studio\bin;C:\Program Files\Azure Data Studio\bin;C:\Program Files\Azure Data Studio\bin;C:\Users\LENOVO\AppData\Local\Programs\mongosh\;C:\Users\LENOVO\AppData\Local\Programs\Microsoft VS Code\bin;C:\Users\LENOVO\AppData\Roaming\npm;C:\Program Files\JetBrains\IntelliJ IDEA 2023.2.1\bin;;C:\Users\LENOVO\.dotnet\tools;C:\Users\LENOVO\AppData\Local\Google\Cloud SDK\google-cloud-sdk\bin;C:\Users\LENOVO\AppData\Roaming\nvm;C:\Program Files\nodejs
USERNAME=LENOVO
OS=Windows_NT
PROCESSOR_IDENTIFIER=Intel64 Family 6 Model 126 Stepping 5, GenuineIntel
TMP=C:\Users\LENOVO\AppData\Local\Temp
TEMP=C:\Users\LENOVO\AppData\Local\Temp



Periodic native trim disabled


---------------  S Y S T E M  ---------------

OS:
 Windows 10 , 64 bit Build 19041 (10.0.19041.4957)
OS uptime: 1 days 4:16 hours
Hyper-V role detected

CPU: total 8 (initial active 8) (4 cores per cpu, 2 threads per core) family 6 model 126 stepping 5 microcode 0xa0, cx8, cmov, fxsr, ht, mmx, 3dnowpref, sse, sse2, sse3, ssse3, sse4.1, sse4.2, popcnt, lzcnt, tsc, tscinvbit, avx, avx2, aes, erms, clmul, bmi1, bmi2, adx, avx512f, avx512dq, avx512cd, avx512bw, avx512vl, sha, fma, vzeroupper, avx512_vpopcntdq, avx512_vpclmulqdq, avx512_vaes, avx512_vnni, clflush, clflushopt, avx512_vbmi2, avx512_vbmi, hv
Processor Information for all 8 processors :
  Max Mhz: 1190, Current Mhz: 991, Mhz Limit: 987

Memory: 4k page, system-wide physical 16086M (322M free)
TotalPageFile size 24086M (AvailPageFile size 8M)
current process WorkingSet (physical memory assigned to process): 135M, peak: 162M
current process commit charge ("private bytes"): 234M, peak: 264M

vm_info: OpenJDK 64-Bit Server VM (17.0.13+11) for windows-amd64 JRE (17.0.13+11), built on Oct 16 2024 00:10:08 by "admin" with MS VC++ 17.7 (VS2022)

END.
