#
# There is insufficient memory for the Java Runtime Environment to continue.
# Native memory allocation (malloc) failed to allocate 1014496 bytes. Error detail: Chunk::new
# Possible reasons:
#   The system is out of physical RAM or swap space
#   This process is running with CompressedOops enabled, and the Java Heap may be blocking the growth of the native heap
# Possible solutions:
#   Reduce memory load on the system
#   Increase physical memory or swap space
#   Check if swap backing store is full
#   Decrease Java heap size (-Xmx/-Xms)
#   Decrease number of Java threads
#   Decrease Java thread stack sizes (-Xss)
#   Set larger code cache with -XX:ReservedCodeCacheSize=
#   JVM is running with Unscaled Compressed Oops mode in which the Java heap is
#     placed in the first 4GB address space. The Java Heap base address is the
#     maximum limit for the native heap growth. Please use -XX:HeapBaseMinAddress
#     to set the Java Heap base and to place the Java Heap above 4GB virtual address.
# This output file may be truncated or incomplete.
#
#  Out of Memory Error (arena.cpp:191), pid=18376, tid=1488
#
# JRE version: OpenJDK Runtime Environment Temurin-17.0.13+11 (17.0.13+11) (build 17.0.13+11)
# Java VM: OpenJDK 64-Bit Server VM Temurin-17.0.13+11 (17.0.13+11, mixed mode, tiered, compressed oops, compressed class ptrs, parallel gc, windows-amd64)
# No core dump will be written. Minidumps are not enabled by default on client versions of Windows
#

---------------  S U M M A R Y ------------

Command Line: --add-modules=ALL-SYSTEM --add-opens=java.base/java.util=ALL-UNNAMED --add-opens=java.base/java.lang=ALL-UNNAMED --add-opens=java.base/sun.nio.fs=ALL-UNNAMED -Declipse.application=org.eclipse.jdt.ls.core.id1 -Dosgi.bundles.defaultStartLevel=4 -Declipse.product=org.eclipse.jdt.ls.core.product -Djava.import.generatesMetadataFilesAtProjectRoot=false -DDetectVMInstallationsJob.disabled=true -Dfile.encoding=utf8 -XX:+UseParallelGC -XX:GCTimeRatio=4 -XX:AdaptiveSizePolicyWeight=90 -Dsun.zip.disableMemoryMapping=true -Xmx1G -Xms100m -Xlog:disable -javaagent:c:\Users\LENOVO\.vscode\extensions\redhat.java-1.36.0-win32-x64\lombok\lombok-1.18.35.jar -XX:+HeapDumpOnOutOfMemoryError -XX:HeapDumpPath=c:\Users\LENOVO\AppData\Roaming\Code\User\workspaceStorage\b8d0c1c62e8d742a69a2404f4277c168\redhat.java -Daether.dependencyCollector.impl=bf c:\Users\LENOVO\.vscode\extensions\redhat.java-1.36.0-win32-x64\server\plugins\org.eclipse.equinox.launcher_1.6.900.v20240613-2009.jar -configuration c:\Users\LENOVO\AppData\Roaming\Code\User\globalStorage\redhat.java\1.36.0\config_win -data c:\Users\LENOVO\AppData\Roaming\Code\User\workspaceStorage\b8d0c1c62e8d742a69a2404f4277c168\redhat.java\jdt_ws --pipe=\\.\pipe\lsp-df7624059a4a88d1c51945f6a4fa50e3-sock

Host: Intel(R) Core(TM) i5-1035G1 CPU @ 1.00GHz, 8 cores, 15G,  Windows 10 , 64 bit Build 19041 (10.0.19041.4957)
Time: Mon Nov  4 00:20:10 2024 SE Asia Standard Time elapsed time: 29.376946 seconds (0d 0h 0m 29s)

---------------  T H R E A D  ---------------

Current thread (0x0000018b6c4a2d70):  JavaThread "C2 CompilerThread0" daemon [_thread_in_native, id=1488, stack(0x000000035cd00000,0x000000035ce00000)]


Current CompileTask:
C2:  29377 7968   !   4       org.eclipse.jdt.internal.core.search.indexing.BinaryIndexer::indexDocument (1157 bytes)

Stack: [0x000000035cd00000,0x000000035ce00000]
Native frames: (J=compiled Java code, j=interpreted, Vv=VM code, C=native code)
V  [jvm.dll+0x682a19]
V  [jvm.dll+0x839538]
V  [jvm.dll+0x83afe3]
V  [jvm.dll+0x83b653]
V  [jvm.dll+0x24704f]
V  [jvm.dll+0xace34]
V  [jvm.dll+0xad4cc]
V  [jvm.dll+0x2ac84f]
V  [jvm.dll+0x588a79]
V  [jvm.dll+0x220ea2]
V  [jvm.dll+0x22129f]
V  [jvm.dll+0x21a2b0]
V  [jvm.dll+0x21738b]
V  [jvm.dll+0x1a3070]
V  [jvm.dll+0x22788c]
V  [jvm.dll+0x2259eb]
V  [jvm.dll+0x7eec98]
V  [jvm.dll+0x7e8ffc]
V  [jvm.dll+0x6818f7]
C  [ucrtbase.dll+0x21bb2]
C  [KERNEL32.DLL+0x17374]
C  [ntdll.dll+0x4cc91]


---------------  P R O C E S S  ---------------

Threads class SMR info:
_java_thread_list=0x0000018b7ac205a0, length=63, elements={
0x0000018b53347910, 0x0000018b533fe320, 0x0000018b671dea40, 0x0000018b6c499270,
0x0000018b6c499e30, 0x0000018b6c49a9f0, 0x0000018b6c4a0070, 0x0000018b6c4a2d70,
0x0000018b6c505dd0, 0x0000018b6c50aba0, 0x0000018b6c527ad0, 0x0000018b6c7461e0,
0x0000018b6d8ef3c0, 0x0000018b6d8eeeb0, 0x0000018b6d8f0800, 0x0000018b6d8f1730,
0x0000018b6d8f02f0, 0x0000018b6d8ef8d0, 0x0000018b6d8f1220, 0x0000018b6d8f1c40,
0x0000018b6d8f2150, 0x0000018b6e08e030, 0x0000018b6e08f980, 0x0000018b6e08b2a0,
0x0000018b6e0903a0, 0x0000018b6e08db20, 0x0000018b6e08a880, 0x0000018b6e08e540,
0x0000018b6e08b7b0, 0x0000018b6e08ea50, 0x0000018b6e08bcc0, 0x0000018b6e08fe90,
0x0000018b6e089440, 0x0000018b6e08ad90, 0x0000018b6e08a370, 0x0000018b6e08c1d0,
0x0000018b6e0908b0, 0x0000018b6e089950, 0x0000018b6e08ef60, 0x0000018b6e08d610,
0x0000018b6e08d100, 0x0000018b6e08c6e0, 0x0000018b6e08cbf0, 0x0000018b6d8f0d10,
0x0000018b7254bbf0, 0x0000018b7254b6e0, 0x0000018b725502d0, 0x0000018b7254da50,
0x0000018b7254c100, 0x0000018b7254f3a0, 0x0000018b7254f8b0, 0x0000018b7254c610,
0x0000018b725507e0, 0x0000018b7254b1d0, 0x0000018b7254a2a0, 0x0000018b7254fdc0,
0x0000018b72549370, 0x0000018b7254a7b0, 0x0000018b7254acc0, 0x0000018b7254cb20,
0x0000018b7254df60, 0x0000018b7254d540, 0x0000018b72550cf0
}

Java Threads: ( => current thread )
  0x0000018b53347910 JavaThread "main" [_thread_blocked, id=16720, stack(0x000000035c300000,0x000000035c400000)]
  0x0000018b533fe320 JavaThread "Reference Handler" daemon [_thread_blocked, id=17424, stack(0x000000035c600000,0x000000035c700000)]
  0x0000018b671dea40 JavaThread "Finalizer" daemon [_thread_blocked, id=3800, stack(0x000000035c700000,0x000000035c800000)]
  0x0000018b6c499270 JavaThread "Signal Dispatcher" daemon [_thread_blocked, id=9700, stack(0x000000035c900000,0x000000035ca00000)]
  0x0000018b6c499e30 JavaThread "Attach Listener" daemon [_thread_blocked, id=14328, stack(0x000000035ca00000,0x000000035cb00000)]
  0x0000018b6c49a9f0 JavaThread "Service Thread" daemon [_thread_blocked, id=16912, stack(0x000000035cb00000,0x000000035cc00000)]
  0x0000018b6c4a0070 JavaThread "Monitor Deflation Thread" daemon [_thread_blocked, id=17156, stack(0x000000035cc00000,0x000000035cd00000)]
=>0x0000018b6c4a2d70 JavaThread "C2 CompilerThread0" daemon [_thread_in_native, id=1488, stack(0x000000035cd00000,0x000000035ce00000)]
  0x0000018b6c505dd0 JavaThread "C1 CompilerThread0" daemon [_thread_blocked, id=12416, stack(0x000000035ce00000,0x000000035cf00000)]
  0x0000018b6c50aba0 JavaThread "Sweeper thread" daemon [_thread_blocked, id=8956, stack(0x000000035cf00000,0x000000035d000000)]
  0x0000018b6c527ad0 JavaThread "Common-Cleaner" daemon [_thread_blocked, id=11040, stack(0x000000035d000000,0x000000035d100000)]
  0x0000018b6c7461e0 JavaThread "Notification Thread" daemon [_thread_blocked, id=2916, stack(0x000000035d100000,0x000000035d200000)]
  0x0000018b6d8ef3c0 JavaThread "Active Thread: Equinox Container: 23ef739b-b826-424f-9c34-91204ae1d0e8" [_thread_blocked, id=14052, stack(0x000000035db00000,0x000000035dc00000)]
  0x0000018b6d8eeeb0 JavaThread "Refresh Thread: Equinox Container: 23ef739b-b826-424f-9c34-91204ae1d0e8" daemon [_thread_blocked, id=18600, stack(0x000000035d300000,0x000000035d400000)]
  0x0000018b6d8f0800 JavaThread "Framework Event Dispatcher: Equinox Container: 23ef739b-b826-424f-9c34-91204ae1d0e8" daemon [_thread_blocked, id=19004, stack(0x000000035da00000,0x000000035db00000)]
  0x0000018b6d8f1730 JavaThread "Start Level: Equinox Container: 23ef739b-b826-424f-9c34-91204ae1d0e8" daemon [_thread_blocked, id=10556, stack(0x000000035dc00000,0x000000035dd00000)]
  0x0000018b6d8f02f0 JavaThread "Bundle File Closer" daemon [_thread_blocked, id=10724, stack(0x000000035df00000,0x000000035e000000)]
  0x0000018b6d8ef8d0 JavaThread "SCR Component Actor" daemon [_thread_blocked, id=11296, stack(0x000000035de00000,0x000000035df00000)]
  0x0000018b6d8f1220 JavaThread "Worker-JM" [_thread_blocked, id=9896, stack(0x000000035e100000,0x000000035e200000)]
  0x0000018b6d8f1c40 JavaThread "JNA Cleaner" daemon [_thread_blocked, id=14468, stack(0x000000035e200000,0x000000035e300000)]
  0x0000018b6d8f2150 JavaThread "Worker-0" [_thread_blocked, id=4200, stack(0x000000035e300000,0x000000035e400000)]
  0x0000018b6e08e030 JavaThread "Worker-1" [_thread_blocked, id=10896, stack(0x000000035e500000,0x000000035e600000)]
  0x0000018b6e08f980 JavaThread "Worker-2: Java indexing... " [_thread_blocked, id=6508, stack(0x000000035e400000,0x000000035e500000)]
  0x0000018b6e08b2a0 JavaThread "Worker-3: Initialize workspace" [_thread_blocked, id=15940, stack(0x000000035e700000,0x000000035e800000)]
  0x0000018b6e0903a0 JavaThread "Java indexing" daemon [_thread_in_Java, id=12824, stack(0x000000035e800000,0x000000035e900000)]
  0x0000018b6e08db20 JavaThread "Thread-2" daemon [_thread_in_native, id=9060, stack(0x000000035e900000,0x000000035ea00000)]
  0x0000018b6e08a880 JavaThread "Thread-3" daemon [_thread_in_native, id=16312, stack(0x000000035ea00000,0x000000035eb00000)]
  0x0000018b6e08e540 JavaThread "Thread-4" daemon [_thread_in_native, id=6944, stack(0x000000035eb00000,0x000000035ec00000)]
  0x0000018b6e08b7b0 JavaThread "Thread-5" daemon [_thread_in_native, id=984, stack(0x000000035ec00000,0x000000035ed00000)]
  0x0000018b6e08ea50 JavaThread "Thread-6" daemon [_thread_in_native, id=14460, stack(0x000000035ed00000,0x000000035ee00000)]
  0x0000018b6e08bcc0 JavaThread "Thread-7" daemon [_thread_in_native, id=18704, stack(0x000000035ee00000,0x000000035ef00000)]
  0x0000018b6e08fe90 JavaThread "Thread-8" daemon [_thread_in_native, id=15212, stack(0x000000035ef00000,0x000000035f000000)]
  0x0000018b6e089440 JavaThread "Thread-9" daemon [_thread_in_native, id=5116, stack(0x000000035f000000,0x000000035f100000)]
  0x0000018b6e08ad90 JavaThread "Thread-10" daemon [_thread_in_native, id=3188, stack(0x000000035f100000,0x000000035f200000)]
  0x0000018b6e08a370 JavaThread "pool-2-thread-1" [_thread_blocked, id=1032, stack(0x000000035f200000,0x000000035f300000)]
  0x0000018b6e08c1d0 JavaThread "Worker-4" [_thread_blocked, id=17776, stack(0x000000035f300000,0x000000035f400000)]
  0x0000018b6e0908b0 JavaThread "Worker-5: Check JDK Index" [_thread_blocked, id=11740, stack(0x000000035f400000,0x000000035f500000)]
  0x0000018b6e089950 JavaThread "WorkspaceEventsHandler" [_thread_blocked, id=11244, stack(0x000000035f500000,0x000000035f600000)]
  0x0000018b6e08ef60 JavaThread "pool-1-thread-1" [_thread_blocked, id=2840, stack(0x000000035f600000,0x000000035f700000)]
  0x0000018b6e08d610 JavaThread "Worker-6" [_thread_blocked, id=12096, stack(0x000000035f700000,0x000000035f800000)]
  0x0000018b6e08d100 JavaThread "Worker-7" [_thread_blocked, id=13772, stack(0x000000035f800000,0x000000035f900000)]
  0x0000018b6e08c6e0 JavaThread "Timer-0" [_thread_blocked, id=13308, stack(0x000000035f900000,0x000000035fa00000)]
  0x0000018b6e08cbf0 JavaThread "Timer-1" [_thread_blocked, id=7152, stack(0x000000035fa00000,0x000000035fb00000)]
  0x0000018b6d8f0d10 JavaThread "LocalFile Deleter" daemon [_thread_blocked, id=10176, stack(0x000000035fb00000,0x000000035fc00000)]
  0x0000018b7254bbf0 JavaThread "LocalFile Deleter" daemon [_thread_blocked, id=14852, stack(0x000000035fc00000,0x000000035fd00000)]
  0x0000018b7254b6e0 JavaThread "LocalFile Deleter" daemon [_thread_blocked, id=5656, stack(0x000000035fd00000,0x000000035fe00000)]
  0x0000018b725502d0 JavaThread "LocalFile Deleter" daemon [_thread_blocked, id=10592, stack(0x000000035fe00000,0x000000035ff00000)]
  0x0000018b7254da50 JavaThread "LocalFile Deleter" daemon [_thread_blocked, id=14300, stack(0x000000035ff00000,0x0000000360000000)]
  0x0000018b7254c100 JavaThread "Compiler Source File Reader" daemon [_thread_blocked, id=1452, stack(0x0000000360000000,0x0000000360100000)]
  0x0000018b7254f3a0 JavaThread "Compiler Source File Reader" daemon [_thread_blocked, id=4720, stack(0x0000000360100000,0x0000000360200000)]
  0x0000018b7254f8b0 JavaThread "Compiler Source File Reader" daemon [_thread_blocked, id=7768, stack(0x0000000360200000,0x0000000360300000)]
  0x0000018b7254c610 JavaThread "Compiler Source File Reader" daemon [_thread_blocked, id=11500, stack(0x0000000360300000,0x0000000360400000)]
  0x0000018b725507e0 JavaThread "Compiler Source File Reader" daemon [_thread_blocked, id=18256, stack(0x0000000360400000,0x0000000360500000)]
  0x0000018b7254b1d0 JavaThread "Compiler Source File Reader" daemon [_thread_blocked, id=17560, stack(0x0000000360500000,0x0000000360600000)]
  0x0000018b7254a2a0 JavaThread "Exec process" [_thread_blocked, id=16004, stack(0x0000000360600000,0x0000000360700000)]
  0x0000018b7254fdc0 JavaThread "Exec process Thread 2" [_thread_blocked, id=15028, stack(0x0000000360700000,0x0000000360800000)]
  0x0000018b72549370 JavaThread "Exec process Thread 3" [_thread_blocked, id=7436, stack(0x0000000360800000,0x0000000360900000)]
  0x0000018b7254a7b0 JavaThread "Timer-2" [_thread_blocked, id=12152, stack(0x000000035e000000,0x000000035e100000)]
  0x0000018b7254acc0 JavaThread "Timer-3" [_thread_blocked, id=4836, stack(0x0000000360a00000,0x0000000360b00000)]
  0x0000018b7254cb20 JavaThread "Timer-4" [_thread_blocked, id=19268, stack(0x0000000360900000,0x0000000360a00000)]
  0x0000018b7254df60 JavaThread "Timer-5" [_thread_blocked, id=16160, stack(0x0000000360b00000,0x0000000360c00000)]
  0x0000018b7254d540 JavaThread "ForkJoinPool.commonPool-worker-1" daemon [_thread_blocked, id=10364, stack(0x000000035e600000,0x000000035e700000)]
  0x0000018b72550cf0 JavaThread "ForkJoinPool.commonPool-worker-2" daemon [_thread_blocked, id=15700, stack(0x0000000360c00000,0x0000000360d00000)]

Other Threads:
  0x0000018b6c460c20 VMThread "VM Thread" [stack: 0x000000035c500000,0x000000035c600000] [id=16304]
  0x0000018b6c746c70 WatcherThread [stack: 0x000000035d200000,0x000000035d300000] [id=18100]
  0x0000018b5335d620 GCTaskThread "GC Thread#0" [stack: 0x000000035c400000,0x000000035c500000] [id=10880]
  0x0000018b6db50510 GCTaskThread "GC Thread#1" [stack: 0x000000035d400000,0x000000035d500000] [id=15688]
  0x0000018b6db507d0 GCTaskThread "GC Thread#2" [stack: 0x000000035d500000,0x000000035d600000] [id=18624]
  0x0000018b6d86c6c0 GCTaskThread "GC Thread#3" [stack: 0x000000035d600000,0x000000035d700000] [id=9032]
  0x0000018b6d86c980 GCTaskThread "GC Thread#4" [stack: 0x000000035d700000,0x000000035d800000] [id=17720]
  0x0000018b6dbcd040 GCTaskThread "GC Thread#5" [stack: 0x000000035d800000,0x000000035d900000] [id=10600]
  0x0000018b6dbcd300 GCTaskThread "GC Thread#6" [stack: 0x000000035d900000,0x000000035da00000] [id=11492]
  0x0000018b6d816830 GCTaskThread "GC Thread#7" [stack: 0x000000035dd00000,0x000000035de00000] [id=10552]

Threads with active compile tasks:
C2 CompilerThread0    29432 7968   !   4       org.eclipse.jdt.internal.core.search.indexing.BinaryIndexer::indexDocument (1157 bytes)

VM state: not at safepoint (normal execution)

VM Mutex/Monitor currently owned by a thread: None

Heap address: 0x00000000c0000000, size: 1024 MB, Compressed Oops mode: 32-bit

CDS archive(s) not mapped
Compressed class space mapped at: 0x0000000100000000-0x0000000140000000, reserved size: 1073741824
Narrow klass base: 0x0000000000000000, Narrow klass shift: 3, Narrow klass range: 0x140000000

GC Precious Log:
 CPUs: 8 total, 8 available
 Memory: 16086M
 Large Page Support: Disabled
 NUMA Support: Disabled
 Compressed Oops: Enabled (32-bit)
 Alignments: Space 512K, Generation 512K, Heap 2M
 Heap Min Capacity: 100M
 Heap Initial Capacity: 100M
 Heap Max Capacity: 1G
 Pre-touch: Disabled
 Parallel Workers: 8

Heap:
 PSYoungGen      total 14336K, used 5827K [0x00000000eab00000, 0x00000000ebe80000, 0x0000000100000000)
  eden space 11776K, 30% used [0x00000000eab00000,0x00000000eae7b578,0x00000000eb680000)
  from space 2560K, 88% used [0x00000000eb680000,0x00000000eb8b5a80,0x00000000eb900000)
  to   space 4096K, 0% used [0x00000000eba80000,0x00000000eba80000,0x00000000ebe80000)
 ParOldGen       total 94208K, used 86513K [0x00000000c0000000, 0x00000000c5c00000, 0x00000000eab00000)
  object space 94208K, 91% used [0x00000000c0000000,0x00000000c547c7f0,0x00000000c5c00000)
 Metaspace       used 71187K, committed 72448K, reserved 1114112K
  class space    used 8088K, committed 8576K, reserved 1048576K

Card table byte_map: [0x0000018b52ce0000,0x0000018b52ef0000] _byte_map_base: 0x0000018b526e0000

Marking Bits: (ParMarkBitMap*) 0x00007ffe4fa66940
 Begin Bits: [0x0000018b64fe0000, 0x0000018b65fe0000)
 End Bits:   [0x0000018b65fe0000, 0x0000018b66fe0000)

Polling page: 0x0000018b51280000

Metaspace:

Usage:
  Non-class:     61.62 MB used.
      Class:      7.90 MB used.
       Both:     69.52 MB used.

Virtual space:
  Non-class space:       64.00 MB reserved,      62.38 MB ( 97%) committed,  1 nodes.
      Class space:        1.00 GB reserved,       8.38 MB ( <1%) committed,  1 nodes.
             Both:        1.06 GB reserved,      70.75 MB (  7%) committed. 

Chunk freelists:
   Non-Class:  1.67 MB
       Class:  7.53 MB
        Both:  9.20 MB

MaxMetaspaceSize: unlimited
CompressedClassSpaceSize: 1.00 GB
Initial GC threshold: 21.00 MB
Current GC threshold: 115.12 MB
CDS: off
MetaspaceReclaimPolicy: balanced
 - commit_granule_bytes: 65536.
 - commit_granule_words: 8192.
 - virtual_space_node_default_size: 8388608.
 - enlarge_chunks_in_place: 1.
 - new_chunks_are_fully_committed: 0.
 - uncommit_free_chunks: 1.
 - use_allocation_guard: 0.
 - handle_deallocations: 1.


Internal statistics:

num_allocs_failed_limit: 9.
num_arena_births: 690.
num_arena_deaths: 24.
num_vsnodes_births: 2.
num_vsnodes_deaths: 0.
num_space_committed: 1132.
num_space_uncommitted: 0.
num_chunks_returned_to_freelist: 37.
num_chunks_taken_from_freelist: 3789.
num_chunk_merges: 10.
num_chunk_splits: 2252.
num_chunks_enlarged: 1168.
num_inconsistent_stats: 0.

CodeHeap 'non-profiled nmethods': size=120000Kb used=4165Kb max_used=4165Kb free=115834Kb
 bounds [0x0000018b5dab0000, 0x0000018b5ded0000, 0x0000018b64fe0000]
CodeHeap 'profiled nmethods': size=120000Kb used=15223Kb max_used=15223Kb free=104776Kb
 bounds [0x0000018b55fe0000, 0x0000018b56ec0000, 0x0000018b5d510000]
CodeHeap 'non-nmethods': size=5760Kb used=1364Kb max_used=1448Kb free=4395Kb
 bounds [0x0000018b5d510000, 0x0000018b5d780000, 0x0000018b5dab0000]
 total_blobs=7888 nmethods=7192 adapters=609
 compilation: enabled
              stopped_count=0, restarted_count=0
 full_count=0

Compilation events (20 events):
Event: 29.327 Thread 0x0000018b6c505dd0 8057       2       sun.nio.ch.Util$BufferCache::offerFirst (73 bytes)
Event: 29.327 Thread 0x0000018b6c505dd0 nmethod 8057 0x0000018b56eb7f10 code [0x0000018b56eb80c0, 0x0000018b56eb82d8]
Event: 29.331 Thread 0x0000018b6c505dd0 8059       2       java.lang.invoke.VarHandleReferences$FieldInstanceReadWrite::set (35 bytes)
Event: 29.332 Thread 0x0000018b6c505dd0 nmethod 8059 0x0000018b56eb8410 code [0x0000018b56eb8600, 0x0000018b56eb8a48]
Event: 29.334 Thread 0x0000018b6c505dd0 8060   !   2       java.nio.DirectByteBuffer::<init> (171 bytes)
Event: 29.338 Thread 0x0000018b6c505dd0 nmethod 8060 0x0000018b56eb8d10 code [0x0000018b56eb8f40, 0x0000018b56eb96d8]
Event: 29.342 Thread 0x0000018b6c505dd0 8061       3       org.eclipse.jdt.core.compiler.CharOperation::concat (123 bytes)
Event: 29.343 Thread 0x0000018b6c505dd0 nmethod 8061 0x0000018b56eb9b90 code [0x0000018b56eb9da0, 0x0000018b56eba358]
Event: 29.346 Thread 0x0000018b6c505dd0 8062       2       java.lang.invoke.MethodHandles$Lookup::getDirectConstructor (10 bytes)
Event: 29.346 Thread 0x0000018b6c505dd0 nmethod 8062 0x0000018b56eba590 code [0x0000018b56eba720, 0x0000018b56eba848]
Event: 29.349 Thread 0x0000018b6c505dd0 8063  s!   2       org.eclipse.osgi.util.NLS$MessagesProperties::put (168 bytes)
Event: 29.351 Thread 0x0000018b6c505dd0 nmethod 8063 0x0000018b56eba910 code [0x0000018b56ebac20, 0x0000018b56ebb668]
Event: 29.358 Thread 0x0000018b6c505dd0 8064       3       java.util.concurrent.locks.ReentrantReadWriteLock$Sync::tryReleaseShared (146 bytes)
Event: 29.359 Thread 0x0000018b6c505dd0 nmethod 8064 0x0000018b56ebbd90 code [0x0000018b56ebbfc0, 0x0000018b56ebc978]
Event: 29.359 Thread 0x0000018b6c505dd0 8065       1       com.google.gson.stream.JsonWriter::isHtmlSafe (5 bytes)
Event: 29.360 Thread 0x0000018b6c505dd0 nmethod 8065 0x0000018b5dec1110 code [0x0000018b5dec12a0, 0x0000018b5dec1378]
Event: 29.360 Thread 0x0000018b6c505dd0 8066       1       com.google.gson.stream.JsonWriter::getSerializeNulls (5 bytes)
Event: 29.360 Thread 0x0000018b6c505dd0 nmethod 8066 0x0000018b5dec1410 code [0x0000018b5dec15a0, 0x0000018b5dec1678]
Event: 29.361 Thread 0x0000018b6c505dd0 8067       2       org.eclipse.lsp4j.jsonrpc.json.adapters.TypeUtils::isTwoTuple (39 bytes)
Event: 29.361 Thread 0x0000018b6c505dd0 nmethod 8067 0x0000018b56ebcc90 code [0x0000018b56ebce60, 0x0000018b56ebd128]

GC Heap History (20 events):
Event: 25.353 GC heap before
{Heap before GC invocations=42 (full 3):
 PSYoungGen      total 23040K, used 22853K [0x00000000eab00000, 0x00000000ec480000, 0x0000000100000000)
  eden space 20992K, 99% used [0x00000000eab00000,0x00000000ebf7ffd8,0x00000000ebf80000)
  from space 2048K, 90% used [0x00000000ec280000,0x00000000ec451678,0x00000000ec480000)
  to   space 2048K, 0% used [0x00000000ec080000,0x00000000ec080000,0x00000000ec280000)
 ParOldGen       total 68608K, used 65966K [0x00000000c0000000, 0x00000000c4300000, 0x00000000eab00000)
  object space 68608K, 96% used [0x00000000c0000000,0x00000000c406b930,0x00000000c4300000)
 Metaspace       used 68654K, committed 69824K, reserved 1114112K
  class space    used 7784K, committed 8256K, reserved 1048576K
}
Event: 25.360 GC heap after
{Heap after GC invocations=42 (full 3):
 PSYoungGen      total 23040K, used 2044K [0x00000000eab00000, 0x00000000ec980000, 0x0000000100000000)
  eden space 20992K, 0% used [0x00000000eab00000,0x00000000eab00000,0x00000000ebf80000)
  from space 2048K, 99% used [0x00000000ec080000,0x00000000ec27f328,0x00000000ec280000)
  to   space 5120K, 0% used [0x00000000ec480000,0x00000000ec480000,0x00000000ec980000)
 ParOldGen       total 68608K, used 68427K [0x00000000c0000000, 0x00000000c4300000, 0x00000000eab00000)
  object space 68608K, 99% used [0x00000000c0000000,0x00000000c42d2fc0,0x00000000c4300000)
 Metaspace       used 68654K, committed 69824K, reserved 1114112K
  class space    used 7784K, committed 8256K, reserved 1048576K
}
Event: 25.720 GC heap before
{Heap before GC invocations=43 (full 4):
 PSYoungGen      total 23040K, used 23036K [0x00000000eab00000, 0x00000000ec980000, 0x0000000100000000)
  eden space 20992K, 100% used [0x00000000eab00000,0x00000000ebf80000,0x00000000ebf80000)
  from space 2048K, 99% used [0x00000000ec080000,0x00000000ec27f328,0x00000000ec280000)
  to   space 5120K, 0% used [0x00000000ec480000,0x00000000ec480000,0x00000000ec980000)
 ParOldGen       total 68608K, used 68427K [0x00000000c0000000, 0x00000000c4300000, 0x00000000eab00000)
  object space 68608K, 99% used [0x00000000c0000000,0x00000000c42d2fc0,0x00000000c4300000)
 Metaspace       used 69550K, committed 70720K, reserved 1114112K
  class space    used 7896K, committed 8384K, reserved 1048576K
}
Event: 25.816 GC heap after
{Heap after GC invocations=43 (full 4):
 PSYoungGen      total 26112K, used 0K [0x00000000eab00000, 0x00000000ec980000, 0x0000000100000000)
  eden space 20992K, 0% used [0x00000000eab00000,0x00000000eab00000,0x00000000ebf80000)
  from space 5120K, 0% used [0x00000000ec480000,0x00000000ec480000,0x00000000ec980000)
  to   space 5120K, 0% used [0x00000000ebf80000,0x00000000ebf80000,0x00000000ec480000)
 ParOldGen       total 94208K, used 66205K [0x00000000c0000000, 0x00000000c5c00000, 0x00000000eab00000)
  object space 94208K, 70% used [0x00000000c0000000,0x00000000c40a7450,0x00000000c5c00000)
 Metaspace       used 69550K, committed 70720K, reserved 1114112K
  class space    used 7896K, committed 8384K, reserved 1048576K
}
Event: 26.465 GC heap before
{Heap before GC invocations=44 (full 4):
 PSYoungGen      total 26112K, used 20992K [0x00000000eab00000, 0x00000000ec980000, 0x0000000100000000)
  eden space 20992K, 100% used [0x00000000eab00000,0x00000000ebf80000,0x00000000ebf80000)
  from space 5120K, 0% used [0x00000000ec480000,0x00000000ec480000,0x00000000ec980000)
  to   space 5120K, 0% used [0x00000000ebf80000,0x00000000ebf80000,0x00000000ec480000)
 ParOldGen       total 94208K, used 66205K [0x00000000c0000000, 0x00000000c5c00000, 0x00000000eab00000)
  object space 94208K, 70% used [0x00000000c0000000,0x00000000c40a7450,0x00000000c5c00000)
 Metaspace       used 69933K, committed 71104K, reserved 1114112K
  class space    used 7944K, committed 8448K, reserved 1048576K
}
Event: 26.468 GC heap after
{Heap after GC invocations=44 (full 4):
 PSYoungGen      total 24064K, used 2599K [0x00000000eab00000, 0x00000000ec680000, 0x0000000100000000)
  eden space 20992K, 0% used [0x00000000eab00000,0x00000000eab00000,0x00000000ebf80000)
  from space 3072K, 84% used [0x00000000ebf80000,0x00000000ec209df8,0x00000000ec280000)
  to   space 3584K, 0% used [0x00000000ec300000,0x00000000ec300000,0x00000000ec680000)
 ParOldGen       total 94208K, used 66213K [0x00000000c0000000, 0x00000000c5c00000, 0x00000000eab00000)
  object space 94208K, 70% used [0x00000000c0000000,0x00000000c40a9450,0x00000000c5c00000)
 Metaspace       used 69933K, committed 71104K, reserved 1114112K
  class space    used 7944K, committed 8448K, reserved 1048576K
}
Event: 26.738 GC heap before
{Heap before GC invocations=45 (full 4):
 PSYoungGen      total 24064K, used 23591K [0x00000000eab00000, 0x00000000ec680000, 0x0000000100000000)
  eden space 20992K, 100% used [0x00000000eab00000,0x00000000ebf80000,0x00000000ebf80000)
  from space 3072K, 84% used [0x00000000ebf80000,0x00000000ec209df8,0x00000000ec280000)
  to   space 3584K, 0% used [0x00000000ec300000,0x00000000ec300000,0x00000000ec680000)
 ParOldGen       total 94208K, used 66213K [0x00000000c0000000, 0x00000000c5c00000, 0x00000000eab00000)
  object space 94208K, 70% used [0x00000000c0000000,0x00000000c40a9450,0x00000000c5c00000)
 Metaspace       used 69939K, committed 71104K, reserved 1114112K
  class space    used 7944K, committed 8448K, reserved 1048576K
}
Event: 26.743 GC heap after
{Heap after GC invocations=45 (full 4):
 PSYoungGen      total 22016K, used 3581K [0x00000000eab00000, 0x00000000ecb80000, 0x0000000100000000)
  eden space 18432K, 0% used [0x00000000eab00000,0x00000000eab00000,0x00000000ebd00000)
  from space 3584K, 99% used [0x00000000ec300000,0x00000000ec67f508,0x00000000ec680000)
  to   space 6144K, 0% used [0x00000000ebd00000,0x00000000ebd00000,0x00000000ec300000)
 ParOldGen       total 94208K, used 68221K [0x00000000c0000000, 0x00000000c5c00000, 0x00000000eab00000)
  object space 94208K, 72% used [0x00000000c0000000,0x00000000c429f500,0x00000000c5c00000)
 Metaspace       used 69939K, committed 71104K, reserved 1114112K
  class space    used 7944K, committed 8448K, reserved 1048576K
}
Event: 27.130 GC heap before
{Heap before GC invocations=46 (full 4):
 PSYoungGen      total 22016K, used 22013K [0x00000000eab00000, 0x00000000ecb80000, 0x0000000100000000)
  eden space 18432K, 100% used [0x00000000eab00000,0x00000000ebd00000,0x00000000ebd00000)
  from space 3584K, 99% used [0x00000000ec300000,0x00000000ec67f508,0x00000000ec680000)
  to   space 6144K, 0% used [0x00000000ebd00000,0x00000000ebd00000,0x00000000ec300000)
 ParOldGen       total 94208K, used 68221K [0x00000000c0000000, 0x00000000c5c00000, 0x00000000eab00000)
  object space 94208K, 72% used [0x00000000c0000000,0x00000000c429f500,0x00000000c5c00000)
 Metaspace       used 70014K, committed 71168K, reserved 1114112K
  class space    used 7948K, committed 8448K, reserved 1048576K
}
Event: 27.138 GC heap after
{Heap after GC invocations=46 (full 4):
 PSYoungGen      total 21504K, used 2909K [0x00000000eab00000, 0x00000000ec500000, 0x0000000100000000)
  eden space 18432K, 0% used [0x00000000eab00000,0x00000000eab00000,0x00000000ebd00000)
  from space 3072K, 94% used [0x00000000ebd00000,0x00000000ebfd7730,0x00000000ec000000)
  to   space 4096K, 0% used [0x00000000ec100000,0x00000000ec100000,0x00000000ec500000)
 ParOldGen       total 94208K, used 71773K [0x00000000c0000000, 0x00000000c5c00000, 0x00000000eab00000)
  object space 94208K, 76% used [0x00000000c0000000,0x00000000c46176e0,0x00000000c5c00000)
 Metaspace       used 70014K, committed 71168K, reserved 1114112K
  class space    used 7948K, committed 8448K, reserved 1048576K
}
Event: 27.671 GC heap before
{Heap before GC invocations=47 (full 4):
 PSYoungGen      total 21504K, used 21341K [0x00000000eab00000, 0x00000000ec500000, 0x0000000100000000)
  eden space 18432K, 100% used [0x00000000eab00000,0x00000000ebd00000,0x00000000ebd00000)
  from space 3072K, 94% used [0x00000000ebd00000,0x00000000ebfd7730,0x00000000ec000000)
  to   space 4096K, 0% used [0x00000000ec100000,0x00000000ec100000,0x00000000ec500000)
 ParOldGen       total 94208K, used 71773K [0x00000000c0000000, 0x00000000c5c00000, 0x00000000eab00000)
  object space 94208K, 76% used [0x00000000c0000000,0x00000000c46176e0,0x00000000c5c00000)
 Metaspace       used 70116K, committed 71296K, reserved 1114112K
  class space    used 7961K, committed 8448K, reserved 1048576K
}
Event: 27.675 GC heap after
{Heap after GC invocations=47 (full 4):
 PSYoungGen      total 20992K, used 4078K [0x00000000eab00000, 0x00000000ec800000, 0x0000000100000000)
  eden space 16896K, 0% used [0x00000000eab00000,0x00000000eab00000,0x00000000ebb80000)
  from space 4096K, 99% used [0x00000000ec100000,0x00000000ec4fb990,0x00000000ec500000)
  to   space 5632K, 0% used [0x00000000ebb80000,0x00000000ebb80000,0x00000000ec100000)
 ParOldGen       total 94208K, used 72677K [0x00000000c0000000, 0x00000000c5c00000, 0x00000000eab00000)
  object space 94208K, 77% used [0x00000000c0000000,0x00000000c46f9568,0x00000000c5c00000)
 Metaspace       used 70116K, committed 71296K, reserved 1114112K
  class space    used 7961K, committed 8448K, reserved 1048576K
}
Event: 28.596 GC heap before
{Heap before GC invocations=48 (full 4):
 PSYoungGen      total 20992K, used 20974K [0x00000000eab00000, 0x00000000ec800000, 0x0000000100000000)
  eden space 16896K, 100% used [0x00000000eab00000,0x00000000ebb80000,0x00000000ebb80000)
  from space 4096K, 99% used [0x00000000ec100000,0x00000000ec4fb990,0x00000000ec500000)
  to   space 5632K, 0% used [0x00000000ebb80000,0x00000000ebb80000,0x00000000ec100000)
 ParOldGen       total 94208K, used 72677K [0x00000000c0000000, 0x00000000c5c00000, 0x00000000eab00000)
  object space 94208K, 77% used [0x00000000c0000000,0x00000000c46f9568,0x00000000c5c00000)
 Metaspace       used 70119K, committed 71296K, reserved 1114112K
  class space    used 7962K, committed 8448K, reserved 1048576K
}
Event: 28.601 GC heap after
{Heap after GC invocations=48 (full 4):
 PSYoungGen      total 18432K, used 1175K [0x00000000eab00000, 0x00000000ec180000, 0x0000000100000000)
  eden space 16896K, 0% used [0x00000000eab00000,0x00000000eab00000,0x00000000ebb80000)
  from space 1536K, 76% used [0x00000000ebb80000,0x00000000ebca5d90,0x00000000ebd00000)
  to   space 3072K, 0% used [0x00000000ebe80000,0x00000000ebe80000,0x00000000ec180000)
 ParOldGen       total 94208K, used 76693K [0x00000000c0000000, 0x00000000c5c00000, 0x00000000eab00000)
  object space 94208K, 81% used [0x00000000c0000000,0x00000000c4ae57d8,0x00000000c5c00000)
 Metaspace       used 70119K, committed 71296K, reserved 1114112K
  class space    used 7962K, committed 8448K, reserved 1048576K
}
Event: 28.963 GC heap before
{Heap before GC invocations=49 (full 4):
 PSYoungGen      total 18432K, used 18071K [0x00000000eab00000, 0x00000000ec180000, 0x0000000100000000)
  eden space 16896K, 100% used [0x00000000eab00000,0x00000000ebb80000,0x00000000ebb80000)
  from space 1536K, 76% used [0x00000000ebb80000,0x00000000ebca5d90,0x00000000ebd00000)
  to   space 3072K, 0% used [0x00000000ebe80000,0x00000000ebe80000,0x00000000ec180000)
 ParOldGen       total 94208K, used 76693K [0x00000000c0000000, 0x00000000c5c00000, 0x00000000eab00000)
  object space 94208K, 81% used [0x00000000c0000000,0x00000000c4ae57d8,0x00000000c5c00000)
 Metaspace       used 70141K, committed 71360K, reserved 1114112K
  class space    used 7965K, committed 8448K, reserved 1048576K
}
Event: 28.968 GC heap after
{Heap after GC invocations=49 (full 4):
 PSYoungGen      total 17920K, used 3064K [0x00000000eab00000, 0x00000000ec580000, 0x0000000100000000)
  eden space 14848K, 0% used [0x00000000eab00000,0x00000000eab00000,0x00000000eb980000)
  from space 3072K, 99% used [0x00000000ebe80000,0x00000000ec17e150,0x00000000ec180000)
  to   space 5120K, 0% used [0x00000000eb980000,0x00000000eb980000,0x00000000ebe80000)
 ParOldGen       total 94208K, used 77733K [0x00000000c0000000, 0x00000000c5c00000, 0x00000000eab00000)
  object space 94208K, 82% used [0x00000000c0000000,0x00000000c4be94d0,0x00000000c5c00000)
 Metaspace       used 70141K, committed 71360K, reserved 1114112K
  class space    used 7965K, committed 8448K, reserved 1048576K
}
Event: 29.105 GC heap before
{Heap before GC invocations=50 (full 4):
 PSYoungGen      total 17920K, used 17911K [0x00000000eab00000, 0x00000000ec580000, 0x0000000100000000)
  eden space 14848K, 99% used [0x00000000eab00000,0x00000000eb97fd70,0x00000000eb980000)
  from space 3072K, 99% used [0x00000000ebe80000,0x00000000ec17e150,0x00000000ec180000)
  to   space 5120K, 0% used [0x00000000eb980000,0x00000000eb980000,0x00000000ebe80000)
 ParOldGen       total 94208K, used 77733K [0x00000000c0000000, 0x00000000c5c00000, 0x00000000eab00000)
  object space 94208K, 82% used [0x00000000c0000000,0x00000000c4be94d0,0x00000000c5c00000)
 Metaspace       used 70306K, committed 71488K, reserved 1114112K
  class space    used 7983K, committed 8448K, reserved 1048576K
}
Event: 29.112 GC heap after
{Heap after GC invocations=50 (full 4):
 PSYoungGen      total 18432K, used 3279K [0x00000000eab00000, 0x00000000ec080000, 0x0000000100000000)
  eden space 14848K, 0% used [0x00000000eab00000,0x00000000eab00000,0x00000000eb980000)
  from space 3584K, 91% used [0x00000000eb980000,0x00000000ebcb3f58,0x00000000ebd00000)
  to   space 3584K, 0% used [0x00000000ebd00000,0x00000000ebd00000,0x00000000ec080000)
 ParOldGen       total 94208K, used 80670K [0x00000000c0000000, 0x00000000c5c00000, 0x00000000eab00000)
  object space 94208K, 85% used [0x00000000c0000000,0x00000000c4ec7be0,0x00000000c5c00000)
 Metaspace       used 70306K, committed 71488K, reserved 1114112K
  class space    used 7983K, committed 8448K, reserved 1048576K
}
Event: 29.284 GC heap before
{Heap before GC invocations=51 (full 4):
 PSYoungGen      total 18432K, used 18127K [0x00000000eab00000, 0x00000000ec080000, 0x0000000100000000)
  eden space 14848K, 100% used [0x00000000eab00000,0x00000000eb980000,0x00000000eb980000)
  from space 3584K, 91% used [0x00000000eb980000,0x00000000ebcb3f58,0x00000000ebd00000)
  to   space 3584K, 0% used [0x00000000ebd00000,0x00000000ebd00000,0x00000000ec080000)
 ParOldGen       total 94208K, used 80670K [0x00000000c0000000, 0x00000000c5c00000, 0x00000000eab00000)
  object space 94208K, 85% used [0x00000000c0000000,0x00000000c4ec7be0,0x00000000c5c00000)
 Metaspace       used 70683K, committed 71872K, reserved 1114112K
  class space    used 8020K, committed 8512K, reserved 1048576K
}
Event: 29.289 GC heap after
{Heap after GC invocations=51 (full 4):
 PSYoungGen      total 15360K, used 3578K [0x00000000eab00000, 0x00000000ec680000, 0x0000000100000000)
  eden space 11776K, 0% used [0x00000000eab00000,0x00000000eab00000,0x00000000eb680000)
  from space 3584K, 99% used [0x00000000ebd00000,0x00000000ec07eae0,0x00000000ec080000)
  to   space 6656K, 0% used [0x00000000eb680000,0x00000000eb680000,0x00000000ebd00000)
 ParOldGen       total 94208K, used 83064K [0x00000000c0000000, 0x00000000c5c00000, 0x00000000eab00000)
  object space 94208K, 88% used [0x00000000c0000000,0x00000000c511e028,0x00000000c5c00000)
 Metaspace       used 70683K, committed 71872K, reserved 1114112K
  class space    used 8020K, committed 8512K, reserved 1048576K
}

Dll operation events (13 events):
Event: 0.027 Loaded shared library c:\Users\LENOVO\.vscode\extensions\redhat.java-1.36.0-win32-x64\jre\17.0.13-win32-x86_64\bin\java.dll
Event: 0.622 Loaded shared library c:\Users\LENOVO\.vscode\extensions\redhat.java-1.36.0-win32-x64\jre\17.0.13-win32-x86_64\bin\zip.dll
Event: 0.646 Loaded shared library C:\Users\LENOVO\.vscode\extensions\redhat.java-1.36.0-win32-x64\jre\17.0.13-win32-x86_64\bin\instrument.dll
Event: 0.702 Loaded shared library C:\Users\LENOVO\.vscode\extensions\redhat.java-1.36.0-win32-x64\jre\17.0.13-win32-x86_64\bin\net.dll
Event: 0.705 Loaded shared library C:\Users\LENOVO\.vscode\extensions\redhat.java-1.36.0-win32-x64\jre\17.0.13-win32-x86_64\bin\nio.dll
Event: 0.726 Loaded shared library C:\Users\LENOVO\.vscode\extensions\redhat.java-1.36.0-win32-x64\jre\17.0.13-win32-x86_64\bin\zip.dll
Event: 0.811 Loaded shared library C:\Users\LENOVO\.vscode\extensions\redhat.java-1.36.0-win32-x64\jre\17.0.13-win32-x86_64\bin\jimage.dll
Event: 0.981 Loaded shared library c:\Users\LENOVO\.vscode\extensions\redhat.java-1.36.0-win32-x64\jre\17.0.13-win32-x86_64\bin\verify.dll
Event: 7.817 Loaded shared library C:\Users\LENOVO\AppData\Roaming\Code\User\globalStorage\redhat.java\1.36.0\config_win\org.eclipse.equinox.launcher\org.eclipse.equinox.launcher.win32.win32.x86_64_1.2.1100.v20240722-2106\eclipse_11904.dll
Event: 13.431 Loaded shared library C:\Users\LENOVO\AppData\Local\Temp\jna--2053026509\jna18201994572287250945.dll
Event: 21.481 Loaded shared library C:\Users\LENOVO\.gradle\native\c067742578af261105cb4f569cf0c3c89f3d7b1fecec35dd04571415982c5e48\windows-amd64\native-platform.dll
Event: 24.882 Loaded shared library C:\Users\LENOVO\.vscode\extensions\redhat.java-1.36.0-win32-x64\jre\17.0.13-win32-x86_64\bin\management.dll
Event: 24.901 Loaded shared library C:\Users\LENOVO\.vscode\extensions\redhat.java-1.36.0-win32-x64\jre\17.0.13-win32-x86_64\bin\management_ext.dll

Deoptimization events (20 events):
Event: 29.319 Thread 0x0000018b6e0903a0 DEOPT PACKING pc=0x0000018b56e7ef3b sp=0x000000035e8feba0
Event: 29.319 Thread 0x0000018b6e0903a0 DEOPT UNPACKING pc=0x0000018b5d56a9e3 sp=0x000000035e8fe108 mode 0
Event: 29.332 Thread 0x0000018b6e0903a0 DEOPT PACKING pc=0x0000018b56e7eebb sp=0x000000035e8feba0
Event: 29.332 Thread 0x0000018b6e0903a0 DEOPT UNPACKING pc=0x0000018b5d56a9e3 sp=0x000000035e8fe108 mode 0
Event: 29.347 Thread 0x0000018b6e0903a0 DEOPT PACKING pc=0x0000018b56e7ef3b sp=0x000000035e8feba0
Event: 29.347 Thread 0x0000018b6e0903a0 DEOPT UNPACKING pc=0x0000018b5d56a9e3 sp=0x000000035e8fe108 mode 0
Event: 29.352 Thread 0x0000018b72550cf0 Uncommon trap: trap_request=0xffffff45 fr.pc=0x0000018b5dd49754 relative=0x0000000000000194
Event: 29.352 Thread 0x0000018b72550cf0 Uncommon trap: reason=unstable_if action=reinterpret pc=0x0000018b5dd49754 method=java.util.concurrent.locks.ReentrantReadWriteLock$Sync.tryReleaseShared(I)Z @ 129 c2
Event: 29.352 Thread 0x0000018b72550cf0 DEOPT PACKING pc=0x0000018b5dd49754 sp=0x0000000360cfd9c0
Event: 29.352 Thread 0x0000018b72550cf0 DEOPT UNPACKING pc=0x0000018b5d569ea3 sp=0x0000000360cfd938 mode 2
Event: 29.354 Thread 0x0000018b6e08b2a0 Uncommon trap: trap_request=0xffffffc6 fr.pc=0x0000018b5dc3f880 relative=0x00000000000001e0
Event: 29.354 Thread 0x0000018b6e08b2a0 Uncommon trap: reason=bimorphic_or_optimized_type_check action=maybe_recompile pc=0x0000018b5dc3f880 method=java.util.Collections.eq(Ljava/lang/Object;Ljava/lang/Object;)Z @ 18 c2
Event: 29.354 Thread 0x0000018b6e08b2a0 DEOPT PACKING pc=0x0000018b5dc3f880 sp=0x000000035e7fee00
Event: 29.354 Thread 0x0000018b6e08b2a0 DEOPT UNPACKING pc=0x0000018b5d569ea3 sp=0x000000035e7fed40 mode 2
Event: 29.355 Thread 0x0000018b6e08b2a0 Uncommon trap: trap_request=0xffffffc6 fr.pc=0x0000018b5dc3f880 relative=0x00000000000001e0
Event: 29.355 Thread 0x0000018b6e08b2a0 Uncommon trap: reason=bimorphic_or_optimized_type_check action=maybe_recompile pc=0x0000018b5dc3f880 method=java.util.Collections.eq(Ljava/lang/Object;Ljava/lang/Object;)Z @ 18 c2
Event: 29.355 Thread 0x0000018b6e08b2a0 DEOPT PACKING pc=0x0000018b5dc3f880 sp=0x000000035e7fef60
Event: 29.355 Thread 0x0000018b6e08b2a0 DEOPT UNPACKING pc=0x0000018b5d569ea3 sp=0x000000035e7feea0 mode 2
Event: 29.364 Thread 0x0000018b6e0903a0 DEOPT PACKING pc=0x0000018b56e7eebb sp=0x000000035e8feba0
Event: 29.364 Thread 0x0000018b6e0903a0 DEOPT UNPACKING pc=0x0000018b5d56a9e3 sp=0x000000035e8fe108 mode 0

Classes loaded (20 events):
Event: 29.191 Loading class java/util/Collections$SynchronizedRandomAccessList
Event: 29.191 Loading class java/util/Collections$SynchronizedList
Event: 29.192 Loading class java/util/Collections$SynchronizedList done
Event: 29.192 Loading class java/util/Collections$SynchronizedRandomAccessList done
Event: 29.210 Loading class java/util/concurrent/CompletableFuture$Signaller
Event: 29.211 Loading class java/util/concurrent/CompletableFuture$Signaller done
Event: 29.330 Loading class java/util/concurrent/CompletableFuture$UniApply
Event: 29.331 Loading class java/util/concurrent/CompletableFuture$UniCompletion
Event: 29.331 Loading class java/util/concurrent/CompletableFuture$UniCompletion done
Event: 29.331 Loading class java/util/concurrent/CompletableFuture$UniApply done
Event: 29.332 Loading class java/util/concurrent/ForkJoinPool$DefaultCommonPoolForkJoinWorkerThreadFactory$1
Event: 29.332 Loading class java/util/concurrent/ForkJoinPool$DefaultCommonPoolForkJoinWorkerThreadFactory$1 done
Event: 29.333 Loading class java/util/concurrent/CompletableFuture$UniAccept
Event: 29.333 Loading class java/util/concurrent/CompletableFuture$UniAccept done
Event: 29.333 Loading class java/util/concurrent/CompletableFuture$UniExceptionally
Event: 29.333 Loading class java/util/concurrent/CompletableFuture$UniExceptionally done
Event: 29.345 Loading class java/nio/charset/CharacterCodingException
Event: 29.345 Loading class java/nio/charset/CharacterCodingException done
Event: 29.345 Loading class java/io/SequenceInputStream
Event: 29.346 Loading class java/io/SequenceInputStream done

Classes unloaded (12 events):
Event: 16.607 Thread 0x0000018b6c460c20 Unloading class 0x0000000100370400 'java/lang/invoke/LambdaForm$MH+0x0000000100370400'
Event: 16.607 Thread 0x0000018b6c460c20 Unloading class 0x000000010036bc00 'java/lang/invoke/LambdaForm$MH+0x000000010036bc00'
Event: 16.607 Thread 0x0000018b6c460c20 Unloading class 0x000000010036b400 'java/lang/invoke/LambdaForm$MH+0x000000010036b400'
Event: 16.607 Thread 0x0000018b6c460c20 Unloading class 0x000000010036a800 'java/lang/invoke/LambdaForm$MH+0x000000010036a800'
Event: 16.607 Thread 0x0000018b6c460c20 Unloading class 0x000000010036a400 'java/lang/invoke/LambdaForm$MH+0x000000010036a400'
Event: 16.607 Thread 0x0000018b6c460c20 Unloading class 0x0000000100252000 'java/lang/invoke/LambdaForm$MH+0x0000000100252000'
Event: 16.607 Thread 0x0000018b6c460c20 Unloading class 0x0000000100251c00 'java/lang/invoke/LambdaForm$MH+0x0000000100251c00'
Event: 16.607 Thread 0x0000018b6c460c20 Unloading class 0x0000000100251800 'java/lang/invoke/LambdaForm$MH+0x0000000100251800'
Event: 16.607 Thread 0x0000018b6c460c20 Unloading class 0x0000000100251400 'java/lang/invoke/LambdaForm$MH+0x0000000100251400'
Event: 16.607 Thread 0x0000018b6c460c20 Unloading class 0x0000000100251000 'java/lang/invoke/LambdaForm$BMH+0x0000000100251000'
Event: 16.607 Thread 0x0000018b6c460c20 Unloading class 0x0000000100250c00 'java/lang/invoke/LambdaForm$DMH+0x0000000100250c00'
Event: 16.607 Thread 0x0000018b6c460c20 Unloading class 0x000000010024c400 'java/lang/invoke/LambdaForm$DMH+0x000000010024c400'

Classes redefined (0 events):
No events

Internal exceptions (20 events):
Event: 28.936 Thread 0x0000018b6e08c1d0 Exception <a 'sun/nio/fs/WindowsException'{0x00000000ebaee418}> (0x00000000ebaee418) 
thrown [s\src\hotspot\share\prims\jni.cpp, line 516]
Event: 28.937 Thread 0x0000018b6e08c1d0 Exception <a 'sun/nio/fs/WindowsException'{0x00000000ebaf1890}> (0x00000000ebaf1890) 
thrown [s\src\hotspot\share\prims\jni.cpp, line 516]
Event: 28.937 Thread 0x0000018b6e08c1d0 Exception <a 'sun/nio/fs/WindowsException'{0x00000000ebaf4cf8}> (0x00000000ebaf4cf8) 
thrown [s\src\hotspot\share\prims\jni.cpp, line 516]
Event: 28.938 Thread 0x0000018b6e08c1d0 Exception <a 'sun/nio/fs/WindowsException'{0x00000000ebaf8338}> (0x00000000ebaf8338) 
thrown [s\src\hotspot\share\prims\jni.cpp, line 516]
Event: 28.939 Thread 0x0000018b6e08c1d0 Exception <a 'sun/nio/fs/WindowsException'{0x00000000ebafb860}> (0x00000000ebafb860) 
thrown [s\src\hotspot\share\prims\jni.cpp, line 516]
Event: 28.939 Thread 0x0000018b6e08c1d0 Exception <a 'sun/nio/fs/WindowsException'{0x00000000ebafee48}> (0x00000000ebafee48) 
thrown [s\src\hotspot\share\prims\jni.cpp, line 516]
Event: 28.940 Thread 0x0000018b6e08c1d0 Exception <a 'sun/nio/fs/WindowsException'{0x00000000ebb022d8}> (0x00000000ebb022d8) 
thrown [s\src\hotspot\share\prims\jni.cpp, line 516]
Event: 28.940 Thread 0x0000018b6e08c1d0 Exception <a 'sun/nio/fs/WindowsException'{0x00000000ebb05ad8}> (0x00000000ebb05ad8) 
thrown [s\src\hotspot\share\prims\jni.cpp, line 516]
Event: 28.941 Thread 0x0000018b6e08c1d0 Exception <a 'sun/nio/fs/WindowsException'{0x00000000ebb09320}> (0x00000000ebb09320) 
thrown [s\src\hotspot\share\prims\jni.cpp, line 516]
Event: 28.943 Thread 0x0000018b6e08c1d0 Exception <a 'sun/nio/fs/WindowsException'{0x00000000ebb0c900}> (0x00000000ebb0c900) 
thrown [s\src\hotspot\share\prims\jni.cpp, line 516]
Event: 28.944 Thread 0x0000018b6e08c1d0 Exception <a 'sun/nio/fs/WindowsException'{0x00000000ebb0fed0}> (0x00000000ebb0fed0) 
thrown [s\src\hotspot\share\prims\jni.cpp, line 516]
Event: 28.945 Thread 0x0000018b6e08c1d0 Exception <a 'sun/nio/fs/WindowsException'{0x00000000ebb132e8}> (0x00000000ebb132e8) 
thrown [s\src\hotspot\share\prims\jni.cpp, line 516]
Event: 29.015 Thread 0x0000018b6e08ef60 Implicit null exception at 0x0000018b5dc1596f to 0x0000018b5dc15ddc
Event: 29.015 Thread 0x0000018b6e08ef60 Exception <a 'sun/nio/fs/WindowsException'{0x00000000eae2e770}> (0x00000000eae2e770) 
thrown [s\src\hotspot\share\prims\jni.cpp, line 516]
Event: 29.015 Thread 0x0000018b6e08ef60 Exception <a 'sun/nio/fs/WindowsException'{0x00000000eae2f000}> (0x00000000eae2f000) 
thrown [s\src\hotspot\share\prims\jni.cpp, line 516]
Event: 29.017 Thread 0x0000018b6e08ef60 Exception <a 'sun/nio/fs/WindowsException'{0x00000000eae5bc20}> (0x00000000eae5bc20) 
thrown [s\src\hotspot\share\prims\jni.cpp, line 516]
Event: 29.017 Thread 0x0000018b6e08ef60 Exception <a 'sun/nio/fs/WindowsException'{0x00000000eae5c4a0}> (0x00000000eae5c4a0) 
thrown [s\src\hotspot\share\prims\jni.cpp, line 516]
Event: 29.100 Thread 0x0000018b6e08ef60 Exception <a 'sun/nio/fs/WindowsException'{0x00000000eb8cd830}> (0x00000000eb8cd830) 
thrown [s\src\hotspot\share\prims\jni.cpp, line 516]
Event: 29.101 Thread 0x0000018b6e08ef60 Exception <a 'sun/nio/fs/WindowsException'{0x00000000eb8f3ab8}> (0x00000000eb8f3ab8) 
thrown [s\src\hotspot\share\prims\jni.cpp, line 516]
Event: 29.301 Thread 0x0000018b6e08b2a0 Exception <a 'java/lang/NoSuchMethodError'{0x00000000eac4abf8}: 'java.lang.Object java.lang.invoke.DirectMethodHandle$Holder.invokeStatic(java.lang.Object, java.lang.Object, int, java.lang.Object)'> (0x00000000eac4abf8) 
thrown [s\src\hotspot\share\interpreter\linkResolver.cpp, line 759]

VM Operations (20 events):
Event: 26.465 Executing VM operation: ParallelGCFailedAllocation
Event: 26.468 Executing VM operation: ParallelGCFailedAllocation done
Event: 26.738 Executing VM operation: ParallelGCFailedAllocation
Event: 26.744 Executing VM operation: ParallelGCFailedAllocation done
Event: 27.127 Executing VM operation: ParallelGCFailedAllocation
Event: 27.138 Executing VM operation: ParallelGCFailedAllocation done
Event: 27.670 Executing VM operation: ParallelGCFailedAllocation
Event: 27.675 Executing VM operation: ParallelGCFailedAllocation done
Event: 28.595 Executing VM operation: ParallelGCFailedAllocation
Event: 28.601 Executing VM operation: ParallelGCFailedAllocation done
Event: 28.963 Executing VM operation: ParallelGCFailedAllocation
Event: 28.968 Executing VM operation: ParallelGCFailedAllocation done
Event: 29.104 Executing VM operation: ParallelGCFailedAllocation
Event: 29.112 Executing VM operation: ParallelGCFailedAllocation done
Event: 29.179 Executing VM operation: HandshakeAllThreads
Event: 29.179 Executing VM operation: HandshakeAllThreads done
Event: 29.181 Executing VM operation: HandshakeAllThreads
Event: 29.181 Executing VM operation: HandshakeAllThreads done
Event: 29.284 Executing VM operation: ParallelGCFailedAllocation
Event: 29.289 Executing VM operation: ParallelGCFailedAllocation done

Memory protections (0 events):
No events

Nmethod flushes (20 events):
Event: 20.471 Thread 0x0000018b6c50aba0 flushing  nmethod 0x0000018b56a07f10
Event: 20.471 Thread 0x0000018b6c50aba0 flushing  nmethod 0x0000018b56a09490
Event: 20.471 Thread 0x0000018b6c50aba0 flushing  nmethod 0x0000018b56a10c10
Event: 20.471 Thread 0x0000018b6c50aba0 flushing  nmethod 0x0000018b56a11290
Event: 20.472 Thread 0x0000018b6c50aba0 flushing  nmethod 0x0000018b56a61c10
Event: 20.472 Thread 0x0000018b6c50aba0 flushing  nmethod 0x0000018b56a65910
Event: 20.472 Thread 0x0000018b6c50aba0 flushing  nmethod 0x0000018b56a67f10
Event: 20.472 Thread 0x0000018b6c50aba0 flushing  nmethod 0x0000018b56a6cc10
Event: 20.472 Thread 0x0000018b6c50aba0 flushing  nmethod 0x0000018b56a71410
Event: 20.472 Thread 0x0000018b6c50aba0 flushing  nmethod 0x0000018b56a79090
Event: 20.473 Thread 0x0000018b6c50aba0 flushing  nmethod 0x0000018b56a8ec10
Event: 20.473 Thread 0x0000018b6c50aba0 flushing  nmethod 0x0000018b56a96290
Event: 20.473 Thread 0x0000018b6c50aba0 flushing  nmethod 0x0000018b56a97910
Event: 20.473 Thread 0x0000018b6c50aba0 flushing  nmethod 0x0000018b56a99210
Event: 20.473 Thread 0x0000018b6c50aba0 flushing  nmethod 0x0000018b56a99610
Event: 20.473 Thread 0x0000018b6c50aba0 flushing  nmethod 0x0000018b56a9c690
Event: 20.473 Thread 0x0000018b6c50aba0 flushing  nmethod 0x0000018b56ad3210
Event: 24.375 Thread 0x0000018b6c50aba0 flushing  nmethod 0x0000018b5daf1890
Event: 24.397 Thread 0x0000018b6c50aba0 flushing  nmethod 0x0000018b569c4590
Event: 24.398 Thread 0x0000018b6c50aba0 flushing  nmethod 0x0000018b56ad4d10

Events (20 events):
Event: 21.223 Thread 0x0000018b6e0908b0 Thread added: 0x0000018b7254b1d0
Event: 25.831 Thread 0x0000018b6e08f470 Thread added: 0x0000018b7254a2a0
Event: 25.863 Thread 0x0000018b7254a2a0 Thread added: 0x0000018b7254fdc0
Event: 25.864 Thread 0x0000018b7254a2a0 Thread added: 0x0000018b72549370
Event: 26.443 Thread 0x0000018b6e08f470 Thread exited: 0x0000018b6e08f470
Event: 26.907 Thread 0x0000018b6e08c1d0 Thread added: 0x0000018b7254a7b0
Event: 26.908 Thread 0x0000018b6e08c1d0 Thread added: 0x0000018b72550cf0
Event: 26.969 Thread 0x0000018b72550cf0 Thread exited: 0x0000018b72550cf0
Event: 26.970 Thread 0x0000018b6e08c1d0 Thread added: 0x0000018b7254acc0
Event: 26.971 Thread 0x0000018b6e08c1d0 Thread added: 0x0000018b7254df60
Event: 27.101 Thread 0x0000018b7254df60 Thread exited: 0x0000018b7254df60
Event: 27.103 Thread 0x0000018b6e08c1d0 Thread added: 0x0000018b7254cb20
Event: 27.104 Thread 0x0000018b6e08c1d0 Thread added: 0x0000018b7254df60
Event: 27.183 Thread 0x0000018b7254df60 Thread exited: 0x0000018b7254df60
Event: 27.201 Thread 0x0000018b6e08c1d0 Thread added: 0x0000018b7254df60
Event: 27.202 Thread 0x0000018b6e08c1d0 Thread added: 0x0000018b7254d030
Event: 27.306 Thread 0x0000018b7254d030 Thread exited: 0x0000018b7254d030
Event: 28.319 Thread 0x0000018b6d7e2b10 Thread exited: 0x0000018b6d7e2b10
Event: 29.333 Thread 0x0000018b6e08ef60 Thread added: 0x0000018b7254d540
Event: 29.345 Thread 0x0000018b7254d540 Thread added: 0x0000018b72550cf0


Dynamic libraries:
0x00007ff620a80000 - 0x00007ff620a8e000 	c:\Users\LENOVO\.vscode\extensions\redhat.java-1.36.0-win32-x64\jre\17.0.13-win32-x86_64\bin\java.exe
0x00007ffec4070000 - 0x00007ffec4268000 	C:\WINDOWS\SYSTEM32\ntdll.dll
0x00007ffec3020000 - 0x00007ffec30e2000 	C:\WINDOWS\System32\KERNEL32.DLL
0x00007ffec1890000 - 0x00007ffec1b8e000 	C:\WINDOWS\System32\KERNELBASE.dll
0x00007ffec1c40000 - 0x00007ffec1d40000 	C:\WINDOWS\System32\ucrtbase.dll
0x00007ffebbf90000 - 0x00007ffebbfa7000 	c:\Users\LENOVO\.vscode\extensions\redhat.java-1.36.0-win32-x64\jre\17.0.13-win32-x86_64\bin\jli.dll
0x00007ffec2580000 - 0x00007ffec271d000 	C:\WINDOWS\System32\USER32.dll
0x00007ffec1e90000 - 0x00007ffec1eb2000 	C:\WINDOWS\System32\win32u.dll
0x00007ffec2540000 - 0x00007ffec256b000 	C:\WINDOWS\System32\GDI32.dll
0x00007ffec1d70000 - 0x00007ffec1e87000 	C:\WINDOWS\System32\gdi32full.dll
0x00007ffec1710000 - 0x00007ffec17ad000 	C:\WINDOWS\System32\msvcp_win.dll
0x00007ffebbb70000 - 0x00007ffebbb8e000 	c:\Users\LENOVO\.vscode\extensions\redhat.java-1.36.0-win32-x64\jre\17.0.13-win32-x86_64\bin\VCRUNTIME140.dll
0x00007ffe95f20000 - 0x00007ffe961ba000 	C:\WINDOWS\WinSxS\amd64_microsoft.windows.common-controls_6595b64144ccf1df_6.0.19041.4355_none_60b8b9eb71f62e16\COMCTL32.dll
0x00007ffec2970000 - 0x00007ffec2a0e000 	C:\WINDOWS\System32\msvcrt.dll
0x00007ffec4000000 - 0x00007ffec402f000 	C:\WINDOWS\System32\IMM32.DLL
0x00007ffebc1b0000 - 0x00007ffebc1bc000 	c:\Users\LENOVO\.vscode\extensions\redhat.java-1.36.0-win32-x64\jre\17.0.13-win32-x86_64\bin\vcruntime140_1.dll
0x00007ffe97540000 - 0x00007ffe975cd000 	c:\Users\LENOVO\.vscode\extensions\redhat.java-1.36.0-win32-x64\jre\17.0.13-win32-x86_64\bin\msvcp140.dll
0x00007ffe4eec0000 - 0x00007ffe4fb2b000 	c:\Users\LENOVO\.vscode\extensions\redhat.java-1.36.0-win32-x64\jre\17.0.13-win32-x86_64\bin\server\jvm.dll
0x00007ffec2090000 - 0x00007ffec2142000 	C:\WINDOWS\System32\ADVAPI32.dll
0x00007ffec2240000 - 0x00007ffec22e0000 	C:\WINDOWS\System32\sechost.dll
0x00007ffec3920000 - 0x00007ffec3a43000 	C:\WINDOWS\System32\RPCRT4.dll
0x00007ffec1d40000 - 0x00007ffec1d67000 	C:\WINDOWS\System32\bcrypt.dll
0x00007ffec2870000 - 0x00007ffec28db000 	C:\WINDOWS\System32\WS2_32.dll
0x00007ffec1570000 - 0x00007ffec15bb000 	C:\WINDOWS\SYSTEM32\POWRPROF.dll
0x00007ffebe5c0000 - 0x00007ffebe5e7000 	C:\WINDOWS\SYSTEM32\WINMM.dll
0x00007ffebc2e0000 - 0x00007ffebc2ea000 	C:\WINDOWS\SYSTEM32\VERSION.dll
0x00007ffec1550000 - 0x00007ffec1562000 	C:\WINDOWS\SYSTEM32\UMPDC.dll
0x00007ffebfef0000 - 0x00007ffebff02000 	C:\WINDOWS\SYSTEM32\kernel.appcore.dll
0x00007ffebbb30000 - 0x00007ffebbb3a000 	c:\Users\LENOVO\.vscode\extensions\redhat.java-1.36.0-win32-x64\jre\17.0.13-win32-x86_64\bin\jimage.dll
0x00007ffebf300000 - 0x00007ffebf4e4000 	C:\WINDOWS\SYSTEM32\DBGHELP.DLL
0x00007ffebe560000 - 0x00007ffebe594000 	C:\WINDOWS\SYSTEM32\dbgcore.DLL
0x00007ffec17b0000 - 0x00007ffec1832000 	C:\WINDOWS\System32\bcryptPrimitives.dll
0x00007ffeb9310000 - 0x00007ffeb931e000 	c:\Users\LENOVO\.vscode\extensions\redhat.java-1.36.0-win32-x64\jre\17.0.13-win32-x86_64\bin\instrument.dll
0x00007ffeb92d0000 - 0x00007ffeb92f5000 	c:\Users\LENOVO\.vscode\extensions\redhat.java-1.36.0-win32-x64\jre\17.0.13-win32-x86_64\bin\java.dll
0x00007ffeb92b0000 - 0x00007ffeb92c8000 	c:\Users\LENOVO\.vscode\extensions\redhat.java-1.36.0-win32-x64\jre\17.0.13-win32-x86_64\bin\zip.dll
0x00007ffec30f0000 - 0x00007ffec385f000 	C:\WINDOWS\System32\SHELL32.dll
0x00007ffebf730000 - 0x00007ffebfed4000 	C:\WINDOWS\SYSTEM32\windows.storage.dll
0x00007ffec3ca0000 - 0x00007ffec3ff3000 	C:\WINDOWS\System32\combase.dll
0x00007ffec1070000 - 0x00007ffec109e000 	C:\WINDOWS\SYSTEM32\Wldp.dll
0x00007ffec2720000 - 0x00007ffec27ed000 	C:\WINDOWS\System32\OLEAUT32.dll
0x00007ffec2490000 - 0x00007ffec253d000 	C:\WINDOWS\System32\SHCORE.dll
0x00007ffec2a10000 - 0x00007ffec2a65000 	C:\WINDOWS\System32\shlwapi.dll
0x00007ffec1640000 - 0x00007ffec1664000 	C:\WINDOWS\SYSTEM32\profapi.dll
0x00007ffeb9290000 - 0x00007ffeb92a9000 	C:\Users\LENOVO\.vscode\extensions\redhat.java-1.36.0-win32-x64\jre\17.0.13-win32-x86_64\bin\net.dll
0x00007ffebb740000 - 0x00007ffebb84d000 	C:\WINDOWS\SYSTEM32\WINHTTP.dll
0x00007ffec0d80000 - 0x00007ffec0dea000 	C:\WINDOWS\system32\mswsock.dll
0x00007ffeb9080000 - 0x00007ffeb9096000 	C:\Users\LENOVO\.vscode\extensions\redhat.java-1.36.0-win32-x64\jre\17.0.13-win32-x86_64\bin\nio.dll
0x00007ffe97530000 - 0x00007ffe97540000 	c:\Users\LENOVO\.vscode\extensions\redhat.java-1.36.0-win32-x64\jre\17.0.13-win32-x86_64\bin\verify.dll
0x00007ffe75b60000 - 0x00007ffe75ba5000 	C:\Users\LENOVO\AppData\Roaming\Code\User\globalStorage\redhat.java\1.36.0\config_win\org.eclipse.equinox.launcher\org.eclipse.equinox.launcher.win32.win32.x86_64_1.2.1100.v20240722-2106\eclipse_11904.dll
0x00007ffec3b70000 - 0x00007ffec3c9b000 	C:\WINDOWS\System32\ole32.dll
0x00007ffec0f60000 - 0x00007ffec0f78000 	C:\WINDOWS\SYSTEM32\CRYPTSP.dll
0x00007ffec06b0000 - 0x00007ffec06e4000 	C:\WINDOWS\system32\rsaenh.dll
0x00007ffec1600000 - 0x00007ffec162e000 	C:\WINDOWS\SYSTEM32\USERENV.dll
0x00007ffec0f80000 - 0x00007ffec0f8c000 	C:\WINDOWS\SYSTEM32\CRYPTBASE.dll
0x00007ffec0a80000 - 0x00007ffec0abb000 	C:\WINDOWS\SYSTEM32\IPHLPAPI.DLL
0x00007ffec2940000 - 0x00007ffec2948000 	C:\WINDOWS\System32\NSI.dll
0x00007ffebafb0000 - 0x00007ffebafc7000 	C:\WINDOWS\SYSTEM32\dhcpcsvc6.DLL
0x00007ffebaf90000 - 0x00007ffebafad000 	C:\WINDOWS\SYSTEM32\dhcpcsvc.DLL
0x00007ffec0ac0000 - 0x00007ffec0b8a000 	C:\WINDOWS\SYSTEM32\DNSAPI.dll
0x00007ffe71ac0000 - 0x00007ffe71b09000 	C:\Users\LENOVO\AppData\Local\Temp\jna--2053026509\jna18201994572287250945.dll
0x00007ffec2570000 - 0x00007ffec2578000 	C:\WINDOWS\System32\PSAPI.DLL
0x00007ffe8e7a0000 - 0x00007ffe8e7c7000 	C:\Users\LENOVO\.gradle\native\c067742578af261105cb4f569cf0c3c89f3d7b1fecec35dd04571415982c5e48\windows-amd64\native-platform.dll
0x00007ffeb9070000 - 0x00007ffeb907a000 	C:\Users\LENOVO\.vscode\extensions\redhat.java-1.36.0-win32-x64\jre\17.0.13-win32-x86_64\bin\management.dll
0x00007ffeb9060000 - 0x00007ffeb906b000 	C:\Users\LENOVO\.vscode\extensions\redhat.java-1.36.0-win32-x64\jre\17.0.13-win32-x86_64\bin\management_ext.dll

dbghelp: loaded successfully - version: 4.0.5 - missing functions: none
symbol engine: initialized successfully - sym options: 0x614 - pdb path: .;c:\Users\LENOVO\.vscode\extensions\redhat.java-1.36.0-win32-x64\jre\17.0.13-win32-x86_64\bin;C:\WINDOWS\SYSTEM32;C:\WINDOWS\WinSxS\amd64_microsoft.windows.common-controls_6595b64144ccf1df_6.0.19041.4355_none_60b8b9eb71f62e16;c:\Users\LENOVO\.vscode\extensions\redhat.java-1.36.0-win32-x64\jre\17.0.13-win32-x86_64\bin\server;C:\Users\LENOVO\AppData\Roaming\Code\User\globalStorage\redhat.java\1.36.0\config_win\org.eclipse.equinox.launcher\org.eclipse.equinox.launcher.win32.win32.x86_64_1.2.1100.v20240722-2106;C:\Users\LENOVO\AppData\Local\Temp\jna--2053026509;C:\Users\LENOVO\.gradle\native\c067742578af261105cb4f569cf0c3c89f3d7b1fecec35dd04571415982c5e48\windows-amd64

VM Arguments:
jvm_args: --add-modules=ALL-SYSTEM --add-opens=java.base/java.util=ALL-UNNAMED --add-opens=java.base/java.lang=ALL-UNNAMED --add-opens=java.base/sun.nio.fs=ALL-UNNAMED -Declipse.application=org.eclipse.jdt.ls.core.id1 -Dosgi.bundles.defaultStartLevel=4 -Declipse.product=org.eclipse.jdt.ls.core.product -Djava.import.generatesMetadataFilesAtProjectRoot=false -DDetectVMInstallationsJob.disabled=true -Dfile.encoding=utf8 -XX:+UseParallelGC -XX:GCTimeRatio=4 -XX:AdaptiveSizePolicyWeight=90 -Dsun.zip.disableMemoryMapping=true -Xmx1G -Xms100m -Xlog:disable -javaagent:c:\Users\LENOVO\.vscode\extensions\redhat.java-1.36.0-win32-x64\lombok\lombok-1.18.35.jar -XX:+HeapDumpOnOutOfMemoryError -XX:HeapDumpPath=c:\Users\LENOVO\AppData\Roaming\Code\User\workspaceStorage\b8d0c1c62e8d742a69a2404f4277c168\redhat.java -Daether.dependencyCollector.impl=bf 
java_command: c:\Users\LENOVO\.vscode\extensions\redhat.java-1.36.0-win32-x64\server\plugins\org.eclipse.equinox.launcher_1.6.900.v20240613-2009.jar -configuration c:\Users\LENOVO\AppData\Roaming\Code\User\globalStorage\redhat.java\1.36.0\config_win -data c:\Users\LENOVO\AppData\Roaming\Code\User\workspaceStorage\b8d0c1c62e8d742a69a2404f4277c168\redhat.java\jdt_ws --pipe=\\.\pipe\lsp-df7624059a4a88d1c51945f6a4fa50e3-sock
java_class_path (initial): c:\Users\LENOVO\.vscode\extensions\redhat.java-1.36.0-win32-x64\server\plugins\org.eclipse.equinox.launcher_1.6.900.v20240613-2009.jar
Launcher Type: SUN_STANDARD

[Global flags]
    uintx AdaptiveSizePolicyWeight                 = 90                                        {product} {command line}
     intx CICompilerCount                          = 4                                         {product} {ergonomic}
    uintx GCTimeRatio                              = 4                                         {product} {command line}
     bool HeapDumpOnOutOfMemoryError               = true                                   {manageable} {command line}
    ccstr HeapDumpPath                             = c:\Users\LENOVO\AppData\Roaming\Code\User\workspaceStorage\b8d0c1c62e8d742a69a2404f4277c168\redhat.java         {manageable} {command line}
   size_t InitialHeapSize                          = 104857600                                 {product} {command line}
   size_t MaxHeapSize                              = 1073741824                                {product} {command line}
   size_t MaxNewSize                               = 357564416                                 {product} {ergonomic}
   size_t MinHeapDeltaBytes                        = 524288                                    {product} {ergonomic}
   size_t MinHeapSize                              = 104857600                                 {product} {command line}
   size_t NewSize                                  = 34603008                                  {product} {ergonomic}
    uintx NonNMethodCodeHeapSize                   = 5839372                                {pd product} {ergonomic}
    uintx NonProfiledCodeHeapSize                  = 122909434                              {pd product} {ergonomic}
   size_t OldSize                                  = 70254592                                  {product} {ergonomic}
    uintx ProfiledCodeHeapSize                     = 122909434                              {pd product} {ergonomic}
    uintx ReservedCodeCacheSize                    = 251658240                              {pd product} {ergonomic}
     bool SegmentedCodeCache                       = true                                      {product} {ergonomic}
   size_t SoftMaxHeapSize                          = 1073741824                             {manageable} {ergonomic}
     bool UseCompressedClassPointers               = true                           {product lp64_product} {ergonomic}
     bool UseCompressedOops                        = true                           {product lp64_product} {ergonomic}
     bool UseLargePagesIndividualAllocation        = false                                  {pd product} {ergonomic}
     bool UseParallelGC                            = true                                      {product} {command line}

Logging:
Log output configuration:
 #0: stdout all=off uptime,level,tags
 #1: stderr all=off uptime,level,tags

Environment Variables:
JAVA_HOME=C:\Program Files\Java\jdk-17
PATH=C:\Program Files\Common Files\Oracle\Java\javapath;C:\Program Files\Microsoft MPI\Bin\;C:\WINDOWS\system32;C:\WINDOWS;C:\WINDOWS\System32\Wbem;C:\WINDOWS\System32\WindowsPowerShell\v1.0\;C:\WINDOWS\System32\OpenSSH\;C:\Program Files\Microsoft SQL Server\Client SDK\ODBC\130\Tools\Binn\;C:\Program Files\Azure Data Studio\bin;C:\Program Files\MongoDB\Server\5.0\bin;C:\Program Files\MongoDB\Tools\100\bin;C:\Program Files\Microsoft SQL Server\Client SDK\ODBC\170\Tools\Binn\;C:\Program Files (x86)\Microsoft SQL Server\150\Tools\Binn\;C:\Program Files\Microsoft SQL Server\150\Tools\Binn\;C:\Program Files\Microsoft SQL Server\150\DTS\Binn\;C:\Program Files (x86)\Microsoft SQL Server\150\DTS\Binn\;C:\Program Files\Java\jdk-17\bin;C:\Program Files\dotnet\;C:\gradle-8.2.1\bin\;C:\apache-maven-3.9.4\bin\;C:\Program Files\TortoiseGit\bin;C:\Program Files\Docker\Docker\resources\bin;C:\kafka\bin;C:\Program Files\Git\cmd;C:\Program Files\MySQL\MySQL Server 8.0\bin;C:\Users\LENOVO\AppData\Roaming\nvm;C:\Program Files\nodejs;C:\Program Files\MySQL\MySQL Shell 8.0\bin\;C:\Users\LENOVO\AppData\Local\Programs\Python\Python311\Scripts\;C:\Users\LENOVO\AppData\Local\Programs\Python\Python311\;C:\Users\LENOVO\AppData\Local\Microsoft\WindowsApps;C:\Program Files\Azure Data Studio\bin;C:\Program Files\Azure Data Studio\bin;C:\Program Files\Azure Data Studio\bin;C:\Program Files\Azure Data Studio\bin;C:\Users\LENOVO\AppData\Local\Programs\mongosh\;C:\Users\LENOVO\AppData\Local\Programs\Microsoft VS Code\bin;C:\Users\LENOVO\AppData\Roaming\npm;C:\Program Files\JetBrains\IntelliJ IDEA 2023.2.1\bin;;C:\Users\LENOVO\.dotnet\tools;C:\Users\LENOVO\AppData\Local\Google\Cloud SDK\google-cloud-sdk\bin;C:\Users\LENOVO\AppData\Roaming\nvm;C:\Program Files\nodejs
USERNAME=LENOVO
OS=Windows_NT
PROCESSOR_IDENTIFIER=Intel64 Family 6 Model 126 Stepping 5, GenuineIntel
TMP=C:\Users\LENOVO\AppData\Local\Temp
TEMP=C:\Users\LENOVO\AppData\Local\Temp



Periodic native trim disabled


---------------  S Y S T E M  ---------------

OS:
 Windows 10 , 64 bit Build 19041 (10.0.19041.4957)
OS uptime: 1 days 4:16 hours
Hyper-V role detected

CPU: total 8 (initial active 8) (4 cores per cpu, 2 threads per core) family 6 model 126 stepping 5 microcode 0xa0, cx8, cmov, fxsr, ht, mmx, 3dnowpref, sse, sse2, sse3, ssse3, sse4.1, sse4.2, popcnt, lzcnt, tsc, tscinvbit, avx, avx2, aes, erms, clmul, bmi1, bmi2, adx, avx512f, avx512dq, avx512cd, avx512bw, avx512vl, sha, fma, vzeroupper, avx512_vpopcntdq, avx512_vpclmulqdq, avx512_vaes, avx512_vnni, clflush, clflushopt, avx512_vbmi2, avx512_vbmi, hv
Processor Information for all 8 processors :
  Max Mhz: 1190, Current Mhz: 991, Mhz Limit: 987

Memory: 4k page, system-wide physical 16086M (322M free)
TotalPageFile size 24086M (AvailPageFile size 8M)
current process WorkingSet (physical memory assigned to process): 341M, peak: 342M
current process commit charge ("private bytes"): 374M, peak: 389M

vm_info: OpenJDK 64-Bit Server VM (17.0.13+11) for windows-amd64 JRE (17.0.13+11), built on Oct 16 2024 00:10:08 by "admin" with MS VC++ 17.7 (VS2022)

END.
